{"/Users/krisarmstrong/Developer/projects/web-foundation/src/tokens.ts": {"path":"/Users/krisarmstrong/Developer/projects/web-foundation/src/tokens.ts","statementMap":{"0":{"start":{"line":2,"column":28},"end":{"line":32,"column":null}},"1":{"start":{"line":35,"column":27},"end":{"line":65,"column":null}},"2":{"start":{"line":68,"column":32},"end":{"line":96,"column":null}},"3":{"start":{"line":98,"column":27},"end":{"line":117,"column":null}}},"fnMap":{},"branchMap":{},"s":{"0":2,"1":2,"2":2,"3":2},"f":{},"b":{},"meta":{"lastBranch":0,"lastFunction":0,"lastStatement":4,"seen":{"s:2:28:32:Infinity":0,"s:35:27:65:Infinity":1,"s:68:32:96:Infinity":2,"s:98:27:117:Infinity":3}}}
,"/Users/krisarmstrong/Developer/projects/web-foundation/src/components/Avatar.tsx": {"path":"/Users/krisarmstrong/Developer/projects/web-foundation/src/components/Avatar.tsx","statementMap":{"0":{"start":{"line":19,"column":54},"end":{"line":22,"column":null}},"1":{"start":{"line":24,"column":48},"end":{"line":28,"column":null}},"2":{"start":{"line":50,"column":2},"end":{"line":59,"column":null}}},"fnMap":{"0":{"name":"Avatar","decl":{"start":{"line":42,"column":16},"end":{"line":42,"column":23}},"loc":{"start":{"line":49,"column":16},"end":{"line":61,"column":null}},"line":49}},"branchMap":{"0":{"loc":{"start":{"line":43,"column":2},"end":{"line":43,"column":null}},"type":"default-arg","locations":[{"start":{"line":43,"column":9},"end":{"line":43,"column":null}}],"line":43},"1":{"loc":{"start":{"line":45,"column":2},"end":{"line":45,"column":null}},"type":"default-arg","locations":[{"start":{"line":45,"column":8},"end":{"line":45,"column":null}}],"line":45},"2":{"loc":{"start":{"line":46,"column":2},"end":{"line":46,"column":null}},"type":"default-arg","locations":[{"start":{"line":46,"column":13},"end":{"line":46,"column":null}}],"line":46},"3":{"loc":{"start":{"line":47,"column":2},"end":{"line":47,"column":null}},"type":"default-arg","locations":[{"start":{"line":47,"column":12},"end":{"line":47,"column":null}}],"line":47},"4":{"loc":{"start":{"line":48,"column":2},"end":{"line":48,"column":null}},"type":"default-arg","locations":[{"start":{"line":48,"column":14},"end":{"line":48,"column":null}}],"line":48},"5":{"loc":{"start":{"line":54,"column":7},"end":{"line":57,"column":null}},"type":"cond-expr","locations":[{"start":{"line":55,"column":8},"end":{"line":55,"column":null}},{"start":{"line":57,"column":8},"end":{"line":57,"column":null}}],"line":54}},"s":{"0":1,"1":1,"2":2},"f":{"0":2},"b":{"0":[2],"1":[2],"2":[2],"3":[2],"4":[2],"5":[1,1]},"meta":{"lastBranch":6,"lastFunction":1,"lastStatement":3,"seen":{"s:19:54:22:Infinity":0,"s:24:48:28:Infinity":1,"f:42:16:42:23":0,"b:43:9:43:Infinity":0,"b:45:8:45:Infinity":1,"b:46:13:46:Infinity":2,"b:47:12:47:Infinity":3,"b:48:14:48:Infinity":4,"s:50:2:59:Infinity":2,"b:55:8:55:Infinity:57:8:57:Infinity":5}}}
,"/Users/krisarmstrong/Developer/projects/web-foundation/src/components/Breadcrumbs.tsx": {"path":"/Users/krisarmstrong/Developer/projects/web-foundation/src/components/Breadcrumbs.tsx","statementMap":{"0":{"start":{"line":11,"column":2},"end":{"line":13,"column":null}},"1":{"start":{"line":12,"column":4},"end":{"line":12,"column":null}},"2":{"start":{"line":15,"column":2},"end":{"line":41,"column":null}},"3":{"start":{"line":21,"column":23},"end":{"line":21,"column":null}},"4":{"start":{"line":23,"column":8},"end":{"line":38,"column":null}}},"fnMap":{"0":{"name":"Breadcrumbs","decl":{"start":{"line":10,"column":16},"end":{"line":10,"column":28}},"loc":{"start":{"line":10,"column":73},"end":{"line":43,"column":null}},"line":10},"1":{"name":"(anonymous_1)","decl":{"start":{"line":20,"column":17},"end":{"line":20,"column":18}},"loc":{"start":{"line":20,"column":34},"end":{"line":40,"column":7}},"line":20}},"branchMap":{"0":{"loc":{"start":{"line":10,"column":37},"end":{"line":10,"column":52}},"type":"default-arg","locations":[{"start":{"line":10,"column":49},"end":{"line":10,"column":52}}],"line":10},"1":{"loc":{"start":{"line":11,"column":2},"end":{"line":13,"column":null}},"type":"if","locations":[{"start":{"line":11,"column":2},"end":{"line":13,"column":null}},{"start":{},"end":{}}],"line":11},"2":{"loc":{"start":{"line":11,"column":6},"end":{"line":11,"column":36}},"type":"binary-expr","locations":[{"start":{"line":11,"column":6},"end":{"line":11,"column":16}},{"start":{"line":11,"column":16},"end":{"line":11,"column":36}}],"line":11},"3":{"loc":{"start":{"line":25,"column":13},"end":{"line":25,"column":null}},"type":"binary-expr","locations":[{"start":{"line":25,"column":13},"end":{"line":25,"column":26}},{"start":{"line":25,"column":26},"end":{"line":25,"column":null}}],"line":25},"4":{"loc":{"start":{"line":26,"column":13},"end":{"line":36,"column":null}},"type":"cond-expr","locations":[{"start":{"line":27,"column":14},"end":{"line":29,"column":null}},{"start":{"line":31,"column":14},"end":{"line":36,"column":null}}],"line":26}},"s":{"0":1,"1":0,"2":1,"3":3,"4":3},"f":{"0":1,"1":3},"b":{"0":[1],"1":[0,1],"2":[1,1],"3":[3,2],"4":[1,2]},"meta":{"lastBranch":5,"lastFunction":2,"lastStatement":5,"seen":{"f:10:16:10:28":0,"b:10:49:10:52":0,"b:11:2:13:Infinity:undefined:undefined:undefined:undefined":1,"s:11:2:13:Infinity":0,"b:11:6:11:16:11:16:11:36":2,"s:12:4:12:Infinity":1,"s:15:2:41:Infinity":2,"f:20:17:20:18":1,"s:21:23:21:Infinity":3,"s:23:8:38:Infinity":4,"b:25:13:25:26:25:26:25:Infinity":3,"b:27:14:29:Infinity:31:14:36:Infinity":4}}}
,"/Users/krisarmstrong/Developer/projects/web-foundation/src/components/ContactForm.tsx": {"path":"/Users/krisarmstrong/Developer/projects/web-foundation/src/components/ContactForm.tsx","statementMap":{"0":{"start":{"line":6,"column":19},"end":{"line":23,"column":null}},"1":{"start":{"line":25,"column":17},"end":{"line":46,"column":null}},"2":{"start":{"line":103,"column":22},"end":{"line":103,"column":null}},"3":{"start":{"line":104,"column":34},"end":{"line":104,"column":null}},"4":{"start":{"line":105,"column":24},"end":{"line":105,"column":null}},"5":{"start":{"line":106,"column":30},"end":{"line":106,"column":null}},"6":{"start":{"line":107,"column":8},"end":{"line":107,"column":null}},"7":{"start":{"line":109,"column":18},"end":{"line":109,"column":null}},"8":{"start":{"line":110,"column":18},"end":{"line":110,"column":null}},"9":{"start":{"line":111,"column":8},"end":{"line":111,"column":null}},"10":{"start":{"line":113,"column":23},"end":{"line":182,"column":null}},"11":{"start":{"line":114,"column":4},"end":{"line":114,"column":null}},"12":{"start":{"line":116,"column":4},"end":{"line":123,"column":null}},"13":{"start":{"line":117,"column":6},"end":{"line":117,"column":null}},"14":{"start":{"line":118,"column":6},"end":{"line":121,"column":null}},"15":{"start":{"line":122,"column":6},"end":{"line":122,"column":null}},"16":{"start":{"line":125,"column":4},"end":{"line":134,"column":null}},"17":{"start":{"line":127,"column":6},"end":{"line":129,"column":null}},"18":{"start":{"line":130,"column":6},"end":{"line":130,"column":null}},"19":{"start":{"line":131,"column":6},"end":{"line":131,"column":null}},"20":{"start":{"line":132,"column":6},"end":{"line":132,"column":null}},"21":{"start":{"line":133,"column":6},"end":{"line":133,"column":null}},"22":{"start":{"line":136,"column":4},"end":{"line":136,"column":null}},"23":{"start":{"line":137,"column":4},"end":{"line":137,"column":null}},"24":{"start":{"line":139,"column":21},"end":{"line":139,"column":null}},"25":{"start":{"line":141,"column":4},"end":{"line":146,"column":null}},"26":{"start":{"line":148,"column":4},"end":{"line":181,"column":null}},"27":{"start":{"line":149,"column":23},"end":{"line":153,"column":null}},"28":{"start":{"line":155,"column":6},"end":{"line":157,"column":null}},"29":{"start":{"line":156,"column":8},"end":{"line":156,"column":null}},"30":{"start":{"line":159,"column":6},"end":{"line":159,"column":null}},"31":{"start":{"line":160,"column":6},"end":{"line":160,"column":null}},"32":{"start":{"line":161,"column":6},"end":{"line":163,"column":null}},"33":{"start":{"line":164,"column":6},"end":{"line":164,"column":null}},"34":{"start":{"line":166,"column":26},"end":{"line":166,"column":null}},"35":{"start":{"line":167,"column":6},"end":{"line":167,"column":null}},"36":{"start":{"line":168,"column":6},"end":{"line":173,"column":null}},"37":{"start":{"line":174,"column":6},"end":{"line":177,"column":null}},"38":{"start":{"line":178,"column":6},"end":{"line":178,"column":null}},"39":{"start":{"line":180,"column":6},"end":{"line":180,"column":null}},"40":{"start":{"line":184,"column":2},"end":{"line":290,"column":null}},"41":{"start":{"line":219,"column":35},"end":{"line":219,"column":null}}},"fnMap":{"0":{"name":"ContactForm","decl":{"start":{"line":78,"column":16},"end":{"line":78,"column":28}},"loc":{"start":{"line":102,"column":21},"end":{"line":292,"column":null}},"line":102},"1":{"name":"(anonymous_1)","decl":{"start":{"line":113,"column":23},"end":{"line":113,"column":30}},"loc":{"start":{"line":113,"column":68},"end":{"line":182,"column":null}},"line":113},"2":{"name":"(anonymous_2)","decl":{"start":{"line":219,"column":24},"end":{"line":219,"column":25}},"loc":{"start":{"line":219,"column":35},"end":{"line":219,"column":null}},"line":219}},"branchMap":{"0":{"loc":{"start":{"line":80,"column":2},"end":{"line":80,"column":null}},"type":"default-arg","locations":[{"start":{"line":80,"column":9},"end":{"line":80,"column":null}}],"line":80},"1":{"loc":{"start":{"line":81,"column":2},"end":{"line":81,"column":null}},"type":"default-arg","locations":[{"start":{"line":81,"column":15},"end":{"line":81,"column":null}}],"line":81},"2":{"loc":{"start":{"line":84,"column":2},"end":{"line":84,"column":null}},"type":"default-arg","locations":[{"start":{"line":84,"column":16},"end":{"line":84,"column":null}}],"line":84},"3":{"loc":{"start":{"line":85,"column":2},"end":{"line":85,"column":null}},"type":"default-arg","locations":[{"start":{"line":85,"column":17},"end":{"line":85,"column":null}}],"line":85},"4":{"loc":{"start":{"line":86,"column":2},"end":{"line":86,"column":null}},"type":"default-arg","locations":[{"start":{"line":86,"column":19},"end":{"line":86,"column":null}}],"line":86},"5":{"loc":{"start":{"line":87,"column":2},"end":{"line":87,"column":null}},"type":"default-arg","locations":[{"start":{"line":87,"column":17},"end":{"line":87,"column":null}}],"line":87},"6":{"loc":{"start":{"line":88,"column":2},"end":{"line":88,"column":null}},"type":"default-arg","locations":[{"start":{"line":88,"column":19},"end":{"line":88,"column":null}}],"line":88},"7":{"loc":{"start":{"line":89,"column":2},"end":{"line":89,"column":null}},"type":"default-arg","locations":[{"start":{"line":89,"column":14},"end":{"line":89,"column":null}}],"line":89},"8":{"loc":{"start":{"line":90,"column":2},"end":{"line":90,"column":null}},"type":"default-arg","locations":[{"start":{"line":90,"column":15},"end":{"line":90,"column":null}}],"line":90},"9":{"loc":{"start":{"line":91,"column":2},"end":{"line":91,"column":null}},"type":"default-arg","locations":[{"start":{"line":91,"column":17},"end":{"line":91,"column":null}}],"line":91},"10":{"loc":{"start":{"line":92,"column":2},"end":{"line":92,"column":null}},"type":"default-arg","locations":[{"start":{"line":92,"column":20},"end":{"line":92,"column":null}}],"line":92},"11":{"loc":{"start":{"line":93,"column":2},"end":{"line":93,"column":null}},"type":"default-arg","locations":[{"start":{"line":93,"column":21},"end":{"line":93,"column":null}}],"line":93},"12":{"loc":{"start":{"line":94,"column":2},"end":{"line":94,"column":null}},"type":"default-arg","locations":[{"start":{"line":94,"column":23},"end":{"line":94,"column":null}}],"line":94},"13":{"loc":{"start":{"line":95,"column":2},"end":{"line":95,"column":null}},"type":"default-arg","locations":[{"start":{"line":95,"column":18},"end":{"line":95,"column":null}}],"line":95},"14":{"loc":{"start":{"line":97,"column":2},"end":{"line":97,"column":null}},"type":"default-arg","locations":[{"start":{"line":97,"column":14},"end":{"line":97,"column":null}}],"line":97},"15":{"loc":{"start":{"line":98,"column":2},"end":{"line":98,"column":null}},"type":"default-arg","locations":[{"start":{"line":98,"column":18},"end":{"line":98,"column":null}}],"line":98},"16":{"loc":{"start":{"line":101,"column":2},"end":{"line":101,"column":null}},"type":"default-arg","locations":[{"start":{"line":101,"column":14},"end":{"line":101,"column":null}}],"line":101},"17":{"loc":{"start":{"line":116,"column":4},"end":{"line":123,"column":null}},"type":"if","locations":[{"start":{"line":116,"column":4},"end":{"line":123,"column":null}},{"start":{},"end":{}}],"line":116},"18":{"loc":{"start":{"line":125,"column":4},"end":{"line":134,"column":null}},"type":"if","locations":[{"start":{"line":125,"column":4},"end":{"line":134,"column":null}},{"start":{},"end":{}}],"line":125},"19":{"loc":{"start":{"line":155,"column":6},"end":{"line":157,"column":null}},"type":"if","locations":[{"start":{"line":155,"column":6},"end":{"line":157,"column":null}},{"start":{},"end":{}}],"line":155},"20":{"loc":{"start":{"line":166,"column":26},"end":{"line":166,"column":null}},"type":"cond-expr","locations":[{"start":{"line":166,"column":49},"end":{"line":166,"column":55}},{"start":{"line":166,"column":55},"end":{"line":166,"column":null}}],"line":166},"21":{"loc":{"start":{"line":186,"column":8},"end":{"line":190,"column":null}},"type":"binary-expr","locations":[{"start":{"line":186,"column":8},"end":{"line":186,"column":17}},{"start":{"line":186,"column":17},"end":{"line":186,"column":null}},{"start":{"line":187,"column":8},"end":{"line":190,"column":null}}],"line":186},"22":{"loc":{"start":{"line":188,"column":11},"end":{"line":188,"column":null}},"type":"binary-expr","locations":[{"start":{"line":188,"column":11},"end":{"line":188,"column":20}},{"start":{"line":188,"column":20},"end":{"line":188,"column":null}}],"line":188},"23":{"loc":{"start":{"line":189,"column":11},"end":{"line":189,"column":null}},"type":"binary-expr","locations":[{"start":{"line":189,"column":11},"end":{"line":189,"column":26}},{"start":{"line":189,"column":26},"end":{"line":189,"column":null}}],"line":189},"24":{"loc":{"start":{"line":193,"column":7},"end":{"line":197,"column":null}},"type":"binary-expr","locations":[{"start":{"line":193,"column":7},"end":{"line":193,"column":null}},{"start":{"line":194,"column":8},"end":{"line":197,"column":null}}],"line":193},"25":{"loc":{"start":{"line":200,"column":7},"end":{"line":286,"column":null}},"type":"cond-expr","locations":[{"start":{"line":201,"column":8},"end":{"line":204,"column":null}},{"start":{"line":206,"column":8},"end":{"line":286,"column":null}}],"line":200},"26":{"loc":{"start":{"line":266,"column":18},"end":{"line":266,"column":null}},"type":"cond-expr","locations":[{"start":{"line":266,"column":36},"end":{"line":266,"column":45}},{"start":{"line":266,"column":45},"end":{"line":266,"column":null}}],"line":266},"27":{"loc":{"start":{"line":269,"column":22},"end":{"line":269,"column":null}},"type":"binary-expr","locations":[{"start":{"line":269,"column":22},"end":{"line":269,"column":36}},{"start":{"line":269,"column":36},"end":{"line":269,"column":null}}],"line":269},"28":{"loc":{"start":{"line":275,"column":11},"end":{"line":278,"column":null}},"type":"binary-expr","locations":[{"start":{"line":275,"column":11},"end":{"line":275,"column":null}},{"start":{"line":276,"column":12},"end":{"line":278,"column":null}}],"line":275},"29":{"loc":{"start":{"line":281,"column":11},"end":{"line":284,"column":null}},"type":"binary-expr","locations":[{"start":{"line":281,"column":11},"end":{"line":281,"column":null}},{"start":{"line":282,"column":12},"end":{"line":284,"column":null}}],"line":281},"30":{"loc":{"start":{"line":289,"column":7},"end":{"line":289,"column":null}},"type":"binary-expr","locations":[{"start":{"line":289,"column":7},"end":{"line":289,"column":17}},{"start":{"line":289,"column":17},"end":{"line":289,"column":null}}],"line":289}},"s":{"0":1,"1":1,"2":1,"3":1,"4":1,"5":1,"6":1,"7":1,"8":1,"9":1,"10":1,"11":0,"12":0,"13":0,"14":0,"15":0,"16":0,"17":0,"18":0,"19":0,"20":0,"21":0,"22":0,"23":0,"24":0,"25":0,"26":0,"27":0,"28":0,"29":0,"30":0,"31":0,"32":0,"33":0,"34":0,"35":0,"36":0,"37":0,"38":0,"39":0,"40":1,"41":0},"f":{"0":1,"1":0,"2":0},"b":{"0":[1],"1":[1],"2":[1],"3":[1],"4":[1],"5":[1],"6":[1],"7":[1],"8":[1],"9":[1],"10":[1],"11":[1],"12":[1],"13":[1],"14":[1],"15":[1],"16":[1],"17":[0,0],"18":[0,0],"19":[0,0],"20":[0,0],"21":[1,1,0],"22":[0,0],"23":[0,0],"24":[1,0],"25":[0,1],"26":[0,1],"27":[1,1],"28":[1,1],"29":[1,0],"30":[1,0]},"meta":{"lastBranch":31,"lastFunction":3,"lastStatement":42,"seen":{"s:6:19:23:Infinity":0,"s:25:17:46:Infinity":1,"f:78:16:78:28":0,"b:80:9:80:Infinity":0,"b:81:15:81:Infinity":1,"b:84:16:84:Infinity":2,"b:85:17:85:Infinity":3,"b:86:19:86:Infinity":4,"b:87:17:87:Infinity":5,"b:88:19:88:Infinity":6,"b:89:14:89:Infinity":7,"b:90:15:90:Infinity":8,"b:91:17:91:Infinity":9,"b:92:20:92:Infinity":10,"b:93:21:93:Infinity":11,"b:94:23:94:Infinity":12,"b:95:18:95:Infinity":13,"b:97:14:97:Infinity":14,"b:98:18:98:Infinity":15,"b:101:14:101:Infinity":16,"s:103:22:103:Infinity":2,"s:104:34:104:Infinity":3,"s:105:24:105:Infinity":4,"s:106:30:106:Infinity":5,"s:107:8:107:Infinity":6,"s:109:18:109:Infinity":7,"s:110:18:110:Infinity":8,"s:111:8:111:Infinity":9,"s:113:23:182:Infinity":10,"f:113:23:113:30":1,"s:114:4:114:Infinity":11,"b:116:4:123:Infinity:undefined:undefined:undefined:undefined":17,"s:116:4:123:Infinity":12,"s:117:6:117:Infinity":13,"s:118:6:121:Infinity":14,"s:122:6:122:Infinity":15,"b:125:4:134:Infinity:undefined:undefined:undefined:undefined":18,"s:125:4:134:Infinity":16,"s:127:6:129:Infinity":17,"s:130:6:130:Infinity":18,"s:131:6:131:Infinity":19,"s:132:6:132:Infinity":20,"s:133:6:133:Infinity":21,"s:136:4:136:Infinity":22,"s:137:4:137:Infinity":23,"s:139:21:139:Infinity":24,"s:141:4:146:Infinity":25,"s:148:4:181:Infinity":26,"s:149:23:153:Infinity":27,"b:155:6:157:Infinity:undefined:undefined:undefined:undefined":19,"s:155:6:157:Infinity":28,"s:156:8:156:Infinity":29,"s:159:6:159:Infinity":30,"s:160:6:160:Infinity":31,"s:161:6:163:Infinity":32,"s:164:6:164:Infinity":33,"s:166:26:166:Infinity":34,"b:166:49:166:55:166:55:166:Infinity":20,"s:167:6:167:Infinity":35,"s:168:6:173:Infinity":36,"s:174:6:177:Infinity":37,"s:178:6:178:Infinity":38,"s:180:6:180:Infinity":39,"s:184:2:290:Infinity":40,"b:186:8:186:17:186:17:186:Infinity:187:8:190:Infinity":21,"b:188:11:188:20:188:20:188:Infinity":22,"b:189:11:189:26:189:26:189:Infinity":23,"b:193:7:193:Infinity:194:8:197:Infinity":24,"b:201:8:204:Infinity:206:8:286:Infinity":25,"f:219:24:219:25":2,"s:219:35:219:Infinity":41,"b:266:36:266:45:266:45:266:Infinity":26,"b:269:22:269:36:269:36:269:Infinity":27,"b:275:11:275:Infinity:276:12:278:Infinity":28,"b:281:11:281:Infinity:282:12:284:Infinity":29,"b:289:7:289:17:289:17:289:Infinity":30}}}
,"/Users/krisarmstrong/Developer/projects/web-foundation/src/components/EmptyState.tsx": {"path":"/Users/krisarmstrong/Developer/projects/web-foundation/src/components/EmptyState.tsx","statementMap":{"0":{"start":{"line":24,"column":21},"end":{"line":55,"column":null}},"1":{"start":{"line":87,"column":17},"end":{"line":87,"column":null}},"2":{"start":{"line":88,"column":22},"end":{"line":88,"column":null}},"3":{"start":{"line":90,"column":2},"end":{"line":131,"column":null}}},"fnMap":{"0":{"name":"EmptyState","decl":{"start":{"line":78,"column":16},"end":{"line":78,"column":27}},"loc":{"start":{"line":86,"column":20},"end":{"line":133,"column":null}},"line":86}},"branchMap":{"0":{"loc":{"start":{"line":83,"column":2},"end":{"line":83,"column":null}},"type":"default-arg","locations":[{"start":{"line":83,"column":16},"end":{"line":83,"column":null}}],"line":83},"1":{"loc":{"start":{"line":84,"column":2},"end":{"line":84,"column":null}},"type":"default-arg","locations":[{"start":{"line":84,"column":14},"end":{"line":84,"column":null}}],"line":84},"2":{"loc":{"start":{"line":85,"column":2},"end":{"line":85,"column":null}},"type":"default-arg","locations":[{"start":{"line":85,"column":14},"end":{"line":85,"column":null}}],"line":85},"3":{"loc":{"start":{"line":101,"column":9},"end":{"line":101,"column":null}},"type":"binary-expr","locations":[{"start":{"line":101,"column":9},"end":{"line":101,"column":17}},{"start":{"line":101,"column":17},"end":{"line":101,"column":null}}],"line":101},"4":{"loc":{"start":{"line":110,"column":7},"end":{"line":113,"column":null}},"type":"binary-expr","locations":[{"start":{"line":110,"column":7},"end":{"line":110,"column":null}},{"start":{"line":111,"column":8},"end":{"line":113,"column":null}}],"line":110},"5":{"loc":{"start":{"line":117,"column":7},"end":{"line":129,"column":null}},"type":"binary-expr","locations":[{"start":{"line":117,"column":7},"end":{"line":117,"column":null}},{"start":{"line":118,"column":8},"end":{"line":129,"column":null}}],"line":117}},"s":{"0":1,"1":1,"2":1,"3":1},"f":{"0":1},"b":{"0":[1],"1":[1],"2":[1],"3":[1,1],"4":[1,1],"5":[1,1]},"meta":{"lastBranch":6,"lastFunction":1,"lastStatement":4,"seen":{"s:24:21:55:Infinity":0,"f:78:16:78:27":0,"b:83:16:83:Infinity":0,"b:84:14:84:Infinity":1,"b:85:14:85:Infinity":2,"s:87:17:87:Infinity":1,"s:88:22:88:Infinity":2,"s:90:2:131:Infinity":3,"b:101:9:101:17:101:17:101:Infinity":3,"b:110:7:110:Infinity:111:8:113:Infinity":4,"b:117:7:117:Infinity:118:8:129:Infinity":5}}}
,"/Users/krisarmstrong/Developer/projects/web-foundation/src/components/NavCard.tsx": {"path":"/Users/krisarmstrong/Developer/projects/web-foundation/src/components/NavCard.tsx","statementMap":{"0":{"start":{"line":9,"column":99},"end":{"line":22,"column":null}},"1":{"start":{"line":34,"column":17},"end":{"line":34,"column":null}},"2":{"start":{"line":35,"column":18},"end":{"line":35,"column":null}},"3":{"start":{"line":36,"column":26},"end":{"line":36,"column":null}},"4":{"start":{"line":38,"column":2},"end":{"line":61,"column":null}}},"fnMap":{"0":{"name":"NavCard","decl":{"start":{"line":33,"column":16},"end":{"line":33,"column":24}},"loc":{"start":{"line":33,"column":105},"end":{"line":63,"column":null}},"line":33}},"branchMap":{"0":{"loc":{"start":{"line":33,"column":56},"end":{"line":33,"column":73}},"type":"default-arg","locations":[{"start":{"line":33,"column":65},"end":{"line":33,"column":73}}],"line":33},"1":{"loc":{"start":{"line":33,"column":73},"end":{"line":33,"column":88}},"type":"default-arg","locations":[{"start":{"line":33,"column":81},"end":{"line":33,"column":88}}],"line":33},"2":{"loc":{"start":{"line":34,"column":17},"end":{"line":34,"column":null}},"type":"binary-expr","locations":[{"start":{"line":34,"column":17},"end":{"line":34,"column":38}},{"start":{"line":34,"column":38},"end":{"line":34,"column":null}}],"line":34},"3":{"loc":{"start":{"line":35,"column":18},"end":{"line":35,"column":null}},"type":"binary-expr","locations":[{"start":{"line":35,"column":18},"end":{"line":35,"column":40}},{"start":{"line":35,"column":40},"end":{"line":35,"column":null}}],"line":35},"4":{"loc":{"start":{"line":36,"column":26},"end":{"line":36,"column":null}},"type":"cond-expr","locations":[{"start":{"line":36,"column":46},"end":{"line":36,"column":82}},{"start":{"line":36,"column":82},"end":{"line":36,"column":null}}],"line":36}},"s":{"0":1,"1":1,"2":1,"3":1,"4":1},"f":{"0":1},"b":{"0":[1],"1":[1],"2":[1,0],"3":[1,0],"4":[0,1]},"meta":{"lastBranch":5,"lastFunction":1,"lastStatement":5,"seen":{"s:9:99:22:Infinity":0,"f:33:16:33:24":0,"b:33:65:33:73":0,"b:33:81:33:88":1,"s:34:17:34:Infinity":1,"b:34:17:34:38:34:38:34:Infinity":2,"s:35:18:35:Infinity":2,"b:35:18:35:40:35:40:35:Infinity":3,"s:36:26:36:Infinity":3,"b:36:46:36:82:36:82:36:Infinity":4,"s:38:2:61:Infinity":4}}}
,"/Users/krisarmstrong/Developer/projects/web-foundation/src/components/PageHeader.tsx": {"path":"/Users/krisarmstrong/Developer/projects/web-foundation/src/components/PageHeader.tsx","statementMap":{"0":{"start":{"line":13,"column":85},"end":{"line":26,"column":null}},"1":{"start":{"line":35,"column":17},"end":{"line":35,"column":null}},"2":{"start":{"line":37,"column":2},"end":{"line":52,"column":null}}},"fnMap":{"0":{"name":"PageHeader","decl":{"start":{"line":28,"column":16},"end":{"line":28,"column":27}},"loc":{"start":{"line":34,"column":20},"end":{"line":54,"column":null}},"line":34}},"branchMap":{"0":{"loc":{"start":{"line":32,"column":2},"end":{"line":32,"column":null}},"type":"default-arg","locations":[{"start":{"line":32,"column":14},"end":{"line":32,"column":null}}],"line":32},"1":{"loc":{"start":{"line":33,"column":2},"end":{"line":33,"column":null}},"type":"default-arg","locations":[{"start":{"line":33,"column":12},"end":{"line":33,"column":null}}],"line":33},"2":{"loc":{"start":{"line":47,"column":7},"end":{"line":50,"column":null}},"type":"binary-expr","locations":[{"start":{"line":47,"column":7},"end":{"line":47,"column":null}},{"start":{"line":48,"column":8},"end":{"line":50,"column":null}}],"line":47}},"s":{"0":1,"1":1,"2":1},"f":{"0":1},"b":{"0":[1],"1":[1],"2":[1,1]},"meta":{"lastBranch":3,"lastFunction":1,"lastStatement":3,"seen":{"s:13:85:26:Infinity":0,"f:28:16:28:27":0,"b:32:14:32:Infinity":0,"b:33:12:33:Infinity":1,"s:35:17:35:Infinity":1,"s:37:2:52:Infinity":2,"b:47:7:47:Infinity:48:8:50:Infinity":2}}}
,"/Users/krisarmstrong/Developer/projects/web-foundation/src/components/StarRating.tsx": {"path":"/Users/krisarmstrong/Developer/projects/web-foundation/src/components/StarRating.tsx","statementMap":{"0":{"start":{"line":17,"column":51},"end":{"line":21,"column":null}},"1":{"start":{"line":23,"column":19},"end":{"line":28,"column":null}},"2":{"start":{"line":24,"column":2},"end":{"line":26,"column":null}},"3":{"start":{"line":25,"column":4},"end":{"line":25,"column":null}},"4":{"start":{"line":27,"column":2},"end":{"line":27,"column":null}},"5":{"start":{"line":41,"column":34},"end":{"line":41,"column":null}},"6":{"start":{"line":42,"column":40},"end":{"line":42,"column":null}},"7":{"start":{"line":43,"column":38},"end":{"line":43,"column":null}},"8":{"start":{"line":44,"column":36},"end":{"line":44,"column":null}},"9":{"start":{"line":46,"column":2},"end":{"line":71,"column":null}},"10":{"start":{"line":47,"column":20},"end":{"line":47,"column":null}},"11":{"start":{"line":48,"column":4},"end":{"line":50,"column":null}},"12":{"start":{"line":49,"column":6},"end":{"line":49,"column":null}},"13":{"start":{"line":52,"column":23},"end":{"line":52,"column":null}},"14":{"start":{"line":53,"column":26},"end":{"line":53,"column":null}},"15":{"start":{"line":55,"column":4},"end":{"line":70,"column":null}},"16":{"start":{"line":56,"column":28},"end":{"line":56,"column":null}},"17":{"start":{"line":57,"column":31},"end":{"line":57,"column":null}},"18":{"start":{"line":59,"column":6},"end":{"line":63,"column":null}},"19":{"start":{"line":60,"column":33},"end":{"line":60,"column":null}},"20":{"start":{"line":61,"column":8},"end":{"line":61,"column":null}},"21":{"start":{"line":62,"column":8},"end":{"line":62,"column":null}},"22":{"start":{"line":65,"column":6},"end":{"line":67,"column":null}},"23":{"start":{"line":66,"column":8},"end":{"line":66,"column":null}},"24":{"start":{"line":69,"column":6},"end":{"line":69,"column":null}},"25":{"start":{"line":73,"column":24},"end":{"line":108,"column":null}},"26":{"start":{"line":74,"column":20},"end":{"line":74,"column":null}},"27":{"start":{"line":75,"column":4},"end":{"line":77,"column":null}},"28":{"start":{"line":76,"column":6},"end":{"line":76,"column":null}},"29":{"start":{"line":79,"column":23},"end":{"line":79,"column":null}},"30":{"start":{"line":80,"column":26},"end":{"line":80,"column":null}},"31":{"start":{"line":82,"column":16},"end":{"line":82,"column":null}},"32":{"start":{"line":83,"column":16},"end":{"line":83,"column":null}},"33":{"start":{"line":85,"column":4},"end":{"line":105,"column":null}},"34":{"start":{"line":86,"column":28},"end":{"line":86,"column":null}},"35":{"start":{"line":87,"column":6},"end":{"line":91,"column":null}},"36":{"start":{"line":88,"column":23},"end":{"line":88,"column":null}},"37":{"start":{"line":89,"column":8},"end":{"line":89,"column":null}},"38":{"start":{"line":90,"column":8},"end":{"line":90,"column":null}},"39":{"start":{"line":93,"column":6},"end":{"line":96,"column":null}},"40":{"start":{"line":94,"column":8},"end":{"line":94,"column":null}},"41":{"start":{"line":95,"column":8},"end":{"line":95,"column":null}},"42":{"start":{"line":98,"column":6},"end":{"line":98,"column":null}},"43":{"start":{"line":99,"column":6},"end":{"line":99,"column":null}},"44":{"start":{"line":101,"column":6},"end":{"line":101,"column":null}},"45":{"start":{"line":102,"column":6},"end":{"line":102,"column":null}},"46":{"start":{"line":104,"column":6},"end":{"line":104,"column":null}},"47":{"start":{"line":107,"column":4},"end":{"line":107,"column":null}},"48":{"start":{"line":110,"column":21},"end":{"line":118,"column":null}},"49":{"start":{"line":111,"column":29},"end":{"line":111,"column":null}},"50":{"start":{"line":113,"column":4},"end":{"line":113,"column":null}},"51":{"start":{"line":114,"column":4},"end":{"line":114,"column":null}},"52":{"start":{"line":115,"column":4},"end":{"line":115,"column":null}},"53":{"start":{"line":117,"column":4},"end":{"line":117,"column":null}},"54":{"start":{"line":121,"column":4},"end":{"line":121,"column":null}},"55":{"start":{"line":123,"column":2},"end":{"line":170,"column":null}},"56":{"start":{"line":129,"column":29},"end":{"line":129,"column":null}},"57":{"start":{"line":130,"column":12},"end":{"line":145,"column":null}},"58":{"start":{"line":133,"column":31},"end":{"line":133,"column":null}},"59":{"start":{"line":134,"column":36},"end":{"line":134,"column":null}},"60":{"start":{"line":135,"column":36},"end":{"line":135,"column":null}}},"fnMap":{"0":{"name":"(anonymous_0)","decl":{"start":{"line":23,"column":19},"end":{"line":23,"column":25}},"loc":{"start":{"line":23,"column":25},"end":{"line":28,"column":null}},"line":23},"1":{"name":"StarRating","decl":{"start":{"line":34,"column":16},"end":{"line":34,"column":27}},"loc":{"start":{"line":40,"column":20},"end":{"line":172,"column":null}},"line":40},"2":{"name":"(anonymous_2)","decl":{"start":{"line":46,"column":12},"end":{"line":46,"column":18}},"loc":{"start":{"line":46,"column":18},"end":{"line":71,"column":5}},"line":46},"3":{"name":"(anonymous_3)","decl":{"start":{"line":73,"column":24},"end":{"line":73,"column":25}},"loc":{"start":{"line":73,"column":44},"end":{"line":108,"column":null}},"line":73},"4":{"name":"(anonymous_4)","decl":{"start":{"line":110,"column":21},"end":{"line":110,"column":22}},"loc":{"start":{"line":110,"column":41},"end":{"line":118,"column":null}},"line":110},"5":{"name":"(anonymous_5)","decl":{"start":{"line":128,"column":31},"end":{"line":128,"column":32}},"loc":{"start":{"line":128,"column":41},"end":{"line":147,"column":11}},"line":128},"6":{"name":"(anonymous_6)","decl":{"start":{"line":133,"column":25},"end":{"line":133,"column":31}},"loc":{"start":{"line":133,"column":31},"end":{"line":133,"column":null}},"line":133},"7":{"name":"(anonymous_7)","decl":{"start":{"line":134,"column":30},"end":{"line":134,"column":36}},"loc":{"start":{"line":134,"column":36},"end":{"line":134,"column":null}},"line":134},"8":{"name":"(anonymous_8)","decl":{"start":{"line":135,"column":30},"end":{"line":135,"column":36}},"loc":{"start":{"line":135,"column":36},"end":{"line":135,"column":null}},"line":135}},"branchMap":{"0":{"loc":{"start":{"line":24,"column":2},"end":{"line":26,"column":null}},"type":"if","locations":[{"start":{"line":24,"column":2},"end":{"line":26,"column":null}},{"start":{},"end":{}}],"line":24},"1":{"loc":{"start":{"line":24,"column":6},"end":{"line":24,"column":83}},"type":"binary-expr","locations":[{"start":{"line":24,"column":6},"end":{"line":24,"column":39}},{"start":{"line":24,"column":39},"end":{"line":24,"column":83}}],"line":24},"2":{"loc":{"start":{"line":36,"column":2},"end":{"line":36,"column":null}},"type":"default-arg","locations":[{"start":{"line":36,"column":18},"end":{"line":36,"column":null}}],"line":36},"3":{"loc":{"start":{"line":38,"column":2},"end":{"line":38,"column":null}},"type":"default-arg","locations":[{"start":{"line":38,"column":14},"end":{"line":38,"column":null}}],"line":38},"4":{"loc":{"start":{"line":39,"column":2},"end":{"line":39,"column":null}},"type":"default-arg","locations":[{"start":{"line":39,"column":13},"end":{"line":39,"column":null}}],"line":39},"5":{"loc":{"start":{"line":48,"column":4},"end":{"line":50,"column":null}},"type":"if","locations":[{"start":{"line":48,"column":4},"end":{"line":50,"column":null}},{"start":{},"end":{}}],"line":48},"6":{"loc":{"start":{"line":59,"column":6},"end":{"line":63,"column":null}},"type":"if","locations":[{"start":{"line":59,"column":6},"end":{"line":63,"column":null}},{"start":{},"end":{}}],"line":59},"7":{"loc":{"start":{"line":61,"column":25},"end":{"line":61,"column":54}},"type":"cond-expr","locations":[{"start":{"line":61,"column":37},"end":{"line":61,"column":53}},{"start":{"line":61,"column":53},"end":{"line":61,"column":54}}],"line":61},"8":{"loc":{"start":{"line":65,"column":6},"end":{"line":67,"column":null}},"type":"if","locations":[{"start":{"line":65,"column":6},"end":{"line":67,"column":null}},{"start":{},"end":{}}],"line":65},"9":{"loc":{"start":{"line":75,"column":4},"end":{"line":77,"column":null}},"type":"if","locations":[{"start":{"line":75,"column":4},"end":{"line":77,"column":null}},{"start":{},"end":{}}],"line":75},"10":{"loc":{"start":{"line":87,"column":6},"end":{"line":91,"column":null}},"type":"if","locations":[{"start":{"line":87,"column":6},"end":{"line":91,"column":null}},{"start":{},"end":{}}],"line":87},"11":{"loc":{"start":{"line":93,"column":6},"end":{"line":96,"column":null}},"type":"if","locations":[{"start":{"line":93,"column":6},"end":{"line":96,"column":null}},{"start":{},"end":{}}],"line":93},"12":{"loc":{"start":{"line":93,"column":10},"end":{"line":93,"column":39}},"type":"binary-expr","locations":[{"start":{"line":93,"column":10},"end":{"line":93,"column":28}},{"start":{"line":93,"column":28},"end":{"line":93,"column":39}}],"line":93},"13":{"loc":{"start":{"line":114,"column":21},"end":{"line":114,"column":55}},"type":"cond-expr","locations":[{"start":{"line":114,"column":33},"end":{"line":114,"column":49}},{"start":{"line":114,"column":49},"end":{"line":114,"column":55}}],"line":114},"14":{"loc":{"start":{"line":121,"column":4},"end":{"line":121,"column":null}},"type":"binary-expr","locations":[{"start":{"line":121,"column":4},"end":{"line":121,"column":37}},{"start":{"line":121,"column":37},"end":{"line":121,"column":null}}],"line":121},"15":{"loc":{"start":{"line":129,"column":38},"end":{"line":129,"column":null}},"type":"binary-expr","locations":[{"start":{"line":129,"column":38},"end":{"line":129,"column":53}},{"start":{"line":129,"column":53},"end":{"line":129,"column":null}}],"line":129},"16":{"loc":{"start":{"line":142,"column":20},"end":{"line":142,"column":null}},"type":"cond-expr","locations":[{"start":{"line":142,"column":31},"end":{"line":142,"column":47}},{"start":{"line":142,"column":47},"end":{"line":142,"column":null}}],"line":142},"17":{"loc":{"start":{"line":149,"column":9},"end":{"line":152,"column":null}},"type":"binary-expr","locations":[{"start":{"line":149,"column":9},"end":{"line":149,"column":null}},{"start":{"line":150,"column":10},"end":{"line":152,"column":null}}],"line":149},"18":{"loc":{"start":{"line":157,"column":7},"end":{"line":161,"column":null}},"type":"binary-expr","locations":[{"start":{"line":157,"column":7},"end":{"line":157,"column":null}},{"start":{"line":158,"column":8},"end":{"line":161,"column":null}}],"line":157},"19":{"loc":{"start":{"line":160,"column":11},"end":{"line":160,"column":53}},"type":"cond-expr","locations":[{"start":{"line":160,"column":32},"end":{"line":160,"column":43}},{"start":{"line":160,"column":43},"end":{"line":160,"column":53}}],"line":160},"20":{"loc":{"start":{"line":165,"column":7},"end":{"line":168,"column":null}},"type":"binary-expr","locations":[{"start":{"line":165,"column":7},"end":{"line":165,"column":null}},{"start":{"line":166,"column":8},"end":{"line":168,"column":null}}],"line":165}},"s":{"0":1,"1":1,"2":26,"3":0,"4":26,"5":38,"6":38,"7":38,"8":38,"9":38,"10":16,"11":16,"12":0,"13":16,"14":16,"15":16,"16":16,"17":16,"18":16,"19":0,"20":0,"21":0,"22":16,"23":1,"24":0,"25":38,"26":10,"27":10,"28":0,"29":10,"30":10,"31":10,"32":10,"33":10,"34":10,"35":10,"36":1,"37":1,"38":1,"39":10,"40":1,"41":1,"42":10,"43":10,"44":10,"45":10,"46":0,"47":10,"48":38,"49":10,"50":10,"51":10,"52":10,"53":10,"54":38,"55":38,"56":190,"57":190,"58":10,"59":10,"60":1},"f":{"0":26,"1":38,"2":16,"3":10,"4":10,"5":190,"6":10,"7":10,"8":1},"b":{"0":[0,26],"1":[26,26],"2":[38],"3":[38],"4":[38],"5":[0,16],"6":[0,16],"7":[0,0],"8":[1,15],"9":[0,10],"10":[1,9],"11":[1,9],"12":[10,1],"13":[10,0],"14":[38,0],"15":[190,90],"16":[72,118],"17":[38,13],"18":[38,12],"19":[12,0],"20":[38,25]},"meta":{"lastBranch":21,"lastFunction":9,"lastStatement":61,"seen":{"s:17:51:21:Infinity":0,"s:23:19:28:Infinity":1,"f:23:19:23:25":0,"b:24:2:26:Infinity:undefined:undefined:undefined:undefined":0,"s:24:2:26:Infinity":2,"b:24:6:24:39:24:39:24:83":1,"s:25:4:25:Infinity":3,"s:27:2:27:Infinity":4,"f:34:16:34:27":1,"b:36:18:36:Infinity":2,"b:38:14:38:Infinity":3,"b:39:13:39:Infinity":4,"s:41:34:41:Infinity":5,"s:42:40:42:Infinity":6,"s:43:38:43:Infinity":7,"s:44:36:44:Infinity":8,"s:46:2:71:Infinity":9,"f:46:12:46:18":2,"s:47:20:47:Infinity":10,"b:48:4:50:Infinity:undefined:undefined:undefined:undefined":5,"s:48:4:50:Infinity":11,"s:49:6:49:Infinity":12,"s:52:23:52:Infinity":13,"s:53:26:53:Infinity":14,"s:55:4:70:Infinity":15,"s:56:28:56:Infinity":16,"s:57:31:57:Infinity":17,"b:59:6:63:Infinity:undefined:undefined:undefined:undefined":6,"s:59:6:63:Infinity":18,"s:60:33:60:Infinity":19,"s:61:8:61:Infinity":20,"b:61:37:61:53:61:53:61:54":7,"s:62:8:62:Infinity":21,"b:65:6:67:Infinity:undefined:undefined:undefined:undefined":8,"s:65:6:67:Infinity":22,"s:66:8:66:Infinity":23,"s:69:6:69:Infinity":24,"s:73:24:108:Infinity":25,"f:73:24:73:25":3,"s:74:20:74:Infinity":26,"b:75:4:77:Infinity:undefined:undefined:undefined:undefined":9,"s:75:4:77:Infinity":27,"s:76:6:76:Infinity":28,"s:79:23:79:Infinity":29,"s:80:26:80:Infinity":30,"s:82:16:82:Infinity":31,"s:83:16:83:Infinity":32,"s:85:4:105:Infinity":33,"s:86:28:86:Infinity":34,"b:87:6:91:Infinity:undefined:undefined:undefined:undefined":10,"s:87:6:91:Infinity":35,"s:88:23:88:Infinity":36,"s:89:8:89:Infinity":37,"s:90:8:90:Infinity":38,"b:93:6:96:Infinity:undefined:undefined:undefined:undefined":11,"s:93:6:96:Infinity":39,"b:93:10:93:28:93:28:93:39":12,"s:94:8:94:Infinity":40,"s:95:8:95:Infinity":41,"s:98:6:98:Infinity":42,"s:99:6:99:Infinity":43,"s:101:6:101:Infinity":44,"s:102:6:102:Infinity":45,"s:104:6:104:Infinity":46,"s:107:4:107:Infinity":47,"s:110:21:118:Infinity":48,"f:110:21:110:22":4,"s:111:29:111:Infinity":49,"s:113:4:113:Infinity":50,"s:114:4:114:Infinity":51,"b:114:33:114:49:114:49:114:55":13,"s:115:4:115:Infinity":52,"s:117:4:117:Infinity":53,"s:121:4:121:Infinity":54,"b:121:4:121:37:121:37:121:Infinity":14,"s:123:2:170:Infinity":55,"f:128:31:128:32":5,"s:129:29:129:Infinity":56,"b:129:38:129:53:129:53:129:Infinity":15,"s:130:12:145:Infinity":57,"f:133:25:133:31":6,"s:133:31:133:Infinity":58,"f:134:30:134:36":7,"s:134:36:134:Infinity":59,"f:135:30:135:36":8,"s:135:36:135:Infinity":60,"b:142:31:142:47:142:47:142:Infinity":16,"b:149:9:149:Infinity:150:10:152:Infinity":17,"b:157:7:157:Infinity:158:8:161:Infinity":18,"b:160:32:160:43:160:43:160:53":19,"b:165:7:165:Infinity:166:8:168:Infinity":20}}}
,"/Users/krisarmstrong/Developer/projects/web-foundation/src/components/ui/Button.tsx": {"path":"/Users/krisarmstrong/Developer/projects/web-foundation/src/components/ui/Button.tsx","statementMap":{"0":{"start":{"line":15,"column":2},"end":{"line":15,"column":null}},"1":{"start":{"line":17,"column":20},"end":{"line":21,"column":null}},"2":{"start":{"line":23,"column":76},"end":{"line":28,"column":null}},"3":{"start":{"line":30,"column":23},"end":{"line":36,"column":null}},"4":{"start":{"line":90,"column":16},"end":{"line":110,"column":null}},"5":{"start":{"line":91,"column":2},"end":{"line":110,"column":null}},"6":{"start":{"line":176,"column":4},"end":{"line":176,"column":null}},"7":{"start":{"line":177,"column":20},"end":{"line":177,"column":null}},"8":{"start":{"line":179,"column":2},"end":{"line":196,"column":null}},"9":{"start":{"line":180,"column":4},"end":{"line":194,"column":null}},"10":{"start":{"line":198,"column":2},"end":{"line":213,"column":null}},"11":{"start":{"line":199,"column":24},"end":{"line":199,"column":null}},"12":{"start":{"line":200,"column":17},"end":{"line":200,"column":null}},"13":{"start":{"line":201,"column":4},"end":{"line":211,"column":null}},"14":{"start":{"line":215,"column":2},"end":{"line":235,"column":null}}},"fnMap":{"0":{"name":"(anonymous_0)","decl":{"start":{"line":90,"column":16},"end":{"line":90,"column":17}},"loc":{"start":{"line":91,"column":2},"end":{"line":110,"column":null}},"line":91},"1":{"name":"Button","decl":{"start":{"line":161,"column":16},"end":{"line":161,"column":23}},"loc":{"start":{"line":174,"column":16},"end":{"line":237,"column":null}},"line":174}},"branchMap":{"0":{"loc":{"start":{"line":90,"column":19},"end":{"line":90,"column":34}},"type":"default-arg","locations":[{"start":{"line":90,"column":31},"end":{"line":90,"column":34}}],"line":90},"1":{"loc":{"start":{"line":162,"column":6},"end":{"line":162,"column":null}},"type":"default-arg","locations":[{"start":{"line":162,"column":22},"end":{"line":162,"column":null}}],"line":162},"2":{"loc":{"start":{"line":164,"column":2},"end":{"line":164,"column":null}},"type":"default-arg","locations":[{"start":{"line":164,"column":12},"end":{"line":164,"column":null}}],"line":164},"3":{"loc":{"start":{"line":165,"column":2},"end":{"line":165,"column":null}},"type":"default-arg","locations":[{"start":{"line":165,"column":9},"end":{"line":165,"column":null}}],"line":165},"4":{"loc":{"start":{"line":166,"column":2},"end":{"line":166,"column":null}},"type":"default-arg","locations":[{"start":{"line":166,"column":9},"end":{"line":166,"column":null}}],"line":166},"5":{"loc":{"start":{"line":167,"column":2},"end":{"line":167,"column":null}},"type":"default-arg","locations":[{"start":{"line":167,"column":14},"end":{"line":167,"column":null}}],"line":167},"6":{"loc":{"start":{"line":168,"column":2},"end":{"line":168,"column":null}},"type":"default-arg","locations":[{"start":{"line":168,"column":13},"end":{"line":168,"column":null}}],"line":168},"7":{"loc":{"start":{"line":172,"column":2},"end":{"line":172,"column":null}},"type":"default-arg","locations":[{"start":{"line":172,"column":14},"end":{"line":172,"column":null}}],"line":172},"8":{"loc":{"start":{"line":176,"column":4},"end":{"line":176,"column":null}},"type":"cond-expr","locations":[{"start":{"line":176,"column":28},"end":{"line":176,"column":48}},{"start":{"line":176,"column":48},"end":{"line":176,"column":null}}],"line":176},"9":{"loc":{"start":{"line":179,"column":2},"end":{"line":196,"column":null}},"type":"if","locations":[{"start":{"line":179,"column":2},"end":{"line":196,"column":null}},{"start":{},"end":{}}],"line":179},"10":{"loc":{"start":{"line":186,"column":9},"end":{"line":186,"column":null}},"type":"binary-expr","locations":[{"start":{"line":186,"column":9},"end":{"line":186,"column":22}},{"start":{"line":186,"column":22},"end":{"line":186,"column":null}}],"line":186},"11":{"loc":{"start":{"line":186,"column":42},"end":{"line":186,"column":66}},"type":"cond-expr","locations":[{"start":{"line":186,"column":53},"end":{"line":186,"column":62}},{"start":{"line":186,"column":62},"end":{"line":186,"column":66}}],"line":186},"12":{"loc":{"start":{"line":187,"column":9},"end":{"line":188,"column":null}},"type":"binary-expr","locations":[{"start":{"line":187,"column":9},"end":{"line":187,"column":23}},{"start":{"line":187,"column":23},"end":{"line":187,"column":null}},{"start":{"line":188,"column":10},"end":{"line":188,"column":null}}],"line":187},"13":{"loc":{"start":{"line":188,"column":27},"end":{"line":188,"column":62}},"type":"cond-expr","locations":[{"start":{"line":188,"column":38},"end":{"line":188,"column":57}},{"start":{"line":188,"column":57},"end":{"line":188,"column":62}}],"line":188},"14":{"loc":{"start":{"line":191,"column":9},"end":{"line":192,"column":null}},"type":"binary-expr","locations":[{"start":{"line":191,"column":9},"end":{"line":191,"column":23}},{"start":{"line":191,"column":23},"end":{"line":191,"column":null}},{"start":{"line":192,"column":10},"end":{"line":192,"column":null}}],"line":191},"15":{"loc":{"start":{"line":192,"column":27},"end":{"line":192,"column":62}},"type":"cond-expr","locations":[{"start":{"line":192,"column":38},"end":{"line":192,"column":57}},{"start":{"line":192,"column":57},"end":{"line":192,"column":62}}],"line":192},"16":{"loc":{"start":{"line":198,"column":2},"end":{"line":213,"column":null}},"type":"if","locations":[{"start":{"line":198,"column":2},"end":{"line":213,"column":null}},{"start":{},"end":{}}],"line":198},"17":{"loc":{"start":{"line":200,"column":17},"end":{"line":200,"column":null}},"type":"binary-expr","locations":[{"start":{"line":200,"column":17},"end":{"line":200,"column":37}},{"start":{"line":200,"column":37},"end":{"line":200,"column":null}}],"line":200},"18":{"loc":{"start":{"line":203,"column":9},"end":{"line":203,"column":null}},"type":"binary-expr","locations":[{"start":{"line":203,"column":9},"end":{"line":203,"column":22}},{"start":{"line":203,"column":22},"end":{"line":203,"column":null}}],"line":203},"19":{"loc":{"start":{"line":203,"column":42},"end":{"line":203,"column":66}},"type":"cond-expr","locations":[{"start":{"line":203,"column":53},"end":{"line":203,"column":62}},{"start":{"line":203,"column":62},"end":{"line":203,"column":66}}],"line":203},"20":{"loc":{"start":{"line":204,"column":9},"end":{"line":205,"column":null}},"type":"binary-expr","locations":[{"start":{"line":204,"column":9},"end":{"line":204,"column":23}},{"start":{"line":204,"column":23},"end":{"line":204,"column":null}},{"start":{"line":205,"column":10},"end":{"line":205,"column":null}}],"line":204},"21":{"loc":{"start":{"line":205,"column":27},"end":{"line":205,"column":62}},"type":"cond-expr","locations":[{"start":{"line":205,"column":38},"end":{"line":205,"column":57}},{"start":{"line":205,"column":57},"end":{"line":205,"column":62}}],"line":205},"22":{"loc":{"start":{"line":208,"column":9},"end":{"line":209,"column":null}},"type":"binary-expr","locations":[{"start":{"line":208,"column":9},"end":{"line":208,"column":23}},{"start":{"line":208,"column":23},"end":{"line":208,"column":null}},{"start":{"line":209,"column":10},"end":{"line":209,"column":null}}],"line":208},"23":{"loc":{"start":{"line":209,"column":27},"end":{"line":209,"column":62}},"type":"cond-expr","locations":[{"start":{"line":209,"column":38},"end":{"line":209,"column":57}},{"start":{"line":209,"column":57},"end":{"line":209,"column":62}}],"line":209},"24":{"loc":{"start":{"line":218,"column":16},"end":{"line":218,"column":null}},"type":"binary-expr","locations":[{"start":{"line":218,"column":16},"end":{"line":218,"column":28}},{"start":{"line":218,"column":28},"end":{"line":218,"column":null}}],"line":218},"25":{"loc":{"start":{"line":222,"column":7},"end":{"line":226,"column":null}},"type":"binary-expr","locations":[{"start":{"line":222,"column":7},"end":{"line":222,"column":null}},{"start":{"line":223,"column":8},"end":{"line":226,"column":null}}],"line":222},"26":{"loc":{"start":{"line":224,"column":30},"end":{"line":224,"column":54}},"type":"cond-expr","locations":[{"start":{"line":224,"column":41},"end":{"line":224,"column":50}},{"start":{"line":224,"column":50},"end":{"line":224,"column":54}}],"line":224},"27":{"loc":{"start":{"line":228,"column":7},"end":{"line":229,"column":null}},"type":"binary-expr","locations":[{"start":{"line":228,"column":7},"end":{"line":228,"column":21}},{"start":{"line":228,"column":21},"end":{"line":228,"column":null}},{"start":{"line":229,"column":8},"end":{"line":229,"column":null}}],"line":228},"28":{"loc":{"start":{"line":229,"column":25},"end":{"line":229,"column":60}},"type":"cond-expr","locations":[{"start":{"line":229,"column":36},"end":{"line":229,"column":55}},{"start":{"line":229,"column":55},"end":{"line":229,"column":60}}],"line":229},"29":{"loc":{"start":{"line":232,"column":7},"end":{"line":233,"column":null}},"type":"binary-expr","locations":[{"start":{"line":232,"column":7},"end":{"line":232,"column":21}},{"start":{"line":232,"column":21},"end":{"line":232,"column":null}},{"start":{"line":233,"column":8},"end":{"line":233,"column":null}}],"line":232},"30":{"loc":{"start":{"line":233,"column":25},"end":{"line":233,"column":60}},"type":"cond-expr","locations":[{"start":{"line":233,"column":36},"end":{"line":233,"column":55}},{"start":{"line":233,"column":55},"end":{"line":233,"column":60}}],"line":233}},"s":{"0":2,"1":2,"2":2,"3":2,"4":2,"5":0,"6":2,"7":2,"8":2,"9":0,"10":2,"11":0,"12":0,"13":0,"14":2},"f":{"0":0,"1":2},"b":{"0":[0],"1":[2],"2":[2],"3":[2],"4":[2],"5":[2],"6":[2],"7":[2],"8":[2,0],"9":[0,2],"10":[0,0],"11":[0,0],"12":[0,0,0],"13":[0,0],"14":[0,0,0],"15":[0,0],"16":[0,2],"17":[0,0],"18":[0,0],"19":[0,0],"20":[0,0,0],"21":[0,0],"22":[0,0,0],"23":[0,0],"24":[2,2],"25":[2,0],"26":[0,0],"27":[2,2,0],"28":[0,0],"29":[2,2,0],"30":[0,0]},"meta":{"lastBranch":31,"lastFunction":2,"lastStatement":15,"seen":{"s:15:2:15:Infinity":0,"s:17:20:21:Infinity":1,"s:23:76:28:Infinity":2,"s:30:23:36:Infinity":3,"s:90:16:110:Infinity":4,"f:90:16:90:17":0,"s:91:2:110:Infinity":5,"b:90:31:90:34":0,"f:161:16:161:23":1,"b:162:22:162:Infinity":1,"b:164:12:164:Infinity":2,"b:165:9:165:Infinity":3,"b:166:9:166:Infinity":4,"b:167:14:167:Infinity":5,"b:168:13:168:Infinity":6,"b:172:14:172:Infinity":7,"s:176:4:176:Infinity":6,"b:176:28:176:48:176:48:176:Infinity":8,"s:177:20:177:Infinity":7,"b:179:2:196:Infinity:undefined:undefined:undefined:undefined":9,"s:179:2:196:Infinity":8,"s:180:4:194:Infinity":9,"b:186:9:186:22:186:22:186:Infinity":10,"b:186:53:186:62:186:62:186:66":11,"b:187:9:187:23:187:23:187:Infinity:188:10:188:Infinity":12,"b:188:38:188:57:188:57:188:62":13,"b:191:9:191:23:191:23:191:Infinity:192:10:192:Infinity":14,"b:192:38:192:57:192:57:192:62":15,"b:198:2:213:Infinity:undefined:undefined:undefined:undefined":16,"s:198:2:213:Infinity":10,"s:199:24:199:Infinity":11,"s:200:17:200:Infinity":12,"b:200:17:200:37:200:37:200:Infinity":17,"s:201:4:211:Infinity":13,"b:203:9:203:22:203:22:203:Infinity":18,"b:203:53:203:62:203:62:203:66":19,"b:204:9:204:23:204:23:204:Infinity:205:10:205:Infinity":20,"b:205:38:205:57:205:57:205:62":21,"b:208:9:208:23:208:23:208:Infinity:209:10:209:Infinity":22,"b:209:38:209:57:209:57:209:62":23,"s:215:2:235:Infinity":14,"b:218:16:218:28:218:28:218:Infinity":24,"b:222:7:222:Infinity:223:8:226:Infinity":25,"b:224:41:224:50:224:50:224:54":26,"b:228:7:228:21:228:21:228:Infinity:229:8:229:Infinity":27,"b:229:36:229:55:229:55:229:60":28,"b:232:7:232:21:232:21:232:Infinity:233:8:233:Infinity":29,"b:233:36:233:55:233:55:233:60":30}}}
,"/Users/krisarmstrong/Developer/projects/web-foundation/src/components/ui/Card.tsx": {"path":"/Users/krisarmstrong/Developer/projects/web-foundation/src/components/ui/Card.tsx","statementMap":{"0":{"start":{"line":21,"column":18},"end":{"line":21,"column":null}},"1":{"start":{"line":22,"column":2},"end":{"line":32,"column":null}},"2":{"start":{"line":45,"column":2},"end":{"line":45,"column":null}}},"fnMap":{"0":{"name":"Card","decl":{"start":{"line":20,"column":16},"end":{"line":20,"column":21}},"loc":{"start":{"line":20,"column":78},"end":{"line":34,"column":null}},"line":20},"1":{"name":"CardContent","decl":{"start":{"line":44,"column":16},"end":{"line":44,"column":28}},"loc":{"start":{"line":44,"column":69},"end":{"line":46,"column":null}},"line":44}},"branchMap":{"0":{"loc":{"start":{"line":20,"column":33},"end":{"line":20,"column":49}},"type":"default-arg","locations":[{"start":{"line":20,"column":45},"end":{"line":20,"column":49}}],"line":20},"1":{"loc":{"start":{"line":20,"column":49},"end":{"line":20,"column":64}},"type":"default-arg","locations":[{"start":{"line":20,"column":57},"end":{"line":20,"column":64}}],"line":20},"2":{"loc":{"start":{"line":21,"column":18},"end":{"line":21,"column":null}},"type":"binary-expr","locations":[{"start":{"line":21,"column":18},"end":{"line":21,"column":40}},{"start":{"line":21,"column":40},"end":{"line":21,"column":null}}],"line":21},"3":{"loc":{"start":{"line":44,"column":40},"end":{"line":44,"column":55}},"type":"default-arg","locations":[{"start":{"line":44,"column":52},"end":{"line":44,"column":55}}],"line":44}},"s":{"0":1,"1":1,"2":1},"f":{"0":1,"1":1},"b":{"0":[1],"1":[1],"2":[1,0],"3":[1]},"meta":{"lastBranch":4,"lastFunction":2,"lastStatement":3,"seen":{"f:20:16:20:21":0,"b:20:45:20:49":0,"b:20:57:20:64":1,"s:21:18:21:Infinity":0,"b:21:18:21:40:21:40:21:Infinity":2,"s:22:2:32:Infinity":1,"f:44:16:44:28":1,"b:44:52:44:55":3,"s:45:2:45:Infinity":2}}}
,"/Users/krisarmstrong/Developer/projects/web-foundation/src/components/ui/Input.tsx": {"path":"/Users/krisarmstrong/Developer/projects/web-foundation/src/components/ui/Input.tsx","statementMap":{"0":{"start":{"line":20,"column":24},"end":{"line":27,"column":null}},"1":{"start":{"line":42,"column":18},"end":{"line":42,"column":null}},"2":{"start":{"line":44,"column":2},"end":{"line":72,"column":null}},"3":{"start":{"line":104,"column":18},"end":{"line":104,"column":null}},"4":{"start":{"line":106,"column":2},"end":{"line":132,"column":null}}},"fnMap":{"0":{"name":"TextInput","decl":{"start":{"line":32,"column":16},"end":{"line":32,"column":26}},"loc":{"start":{"line":41,"column":19},"end":{"line":74,"column":null}},"line":41},"1":{"name":"SearchInput","decl":{"start":{"line":94,"column":16},"end":{"line":94,"column":28}},"loc":{"start":{"line":103,"column":21},"end":{"line":134,"column":null}},"line":103}},"branchMap":{"0":{"loc":{"start":{"line":37,"column":2},"end":{"line":37,"column":null}},"type":"default-arg","locations":[{"start":{"line":37,"column":12},"end":{"line":37,"column":null}}],"line":37},"1":{"loc":{"start":{"line":38,"column":2},"end":{"line":38,"column":null}},"type":"default-arg","locations":[{"start":{"line":38,"column":14},"end":{"line":38,"column":null}}],"line":38},"2":{"loc":{"start":{"line":42,"column":18},"end":{"line":42,"column":null}},"type":"binary-expr","locations":[{"start":{"line":42,"column":18},"end":{"line":42,"column":24}},{"start":{"line":42,"column":24},"end":{"line":42,"column":null}}],"line":42},"3":{"loc":{"start":{"line":46,"column":7},"end":{"line":52,"column":null}},"type":"binary-expr","locations":[{"start":{"line":46,"column":7},"end":{"line":46,"column":null}},{"start":{"line":47,"column":8},"end":{"line":52,"column":null}}],"line":46},"4":{"loc":{"start":{"line":60,"column":38},"end":{"line":60,"column":82}},"type":"cond-expr","locations":[{"start":{"line":60,"column":46},"end":{"line":60,"column":65}},{"start":{"line":60,"column":65},"end":{"line":60,"column":82}}],"line":60},"5":{"loc":{"start":{"line":69,"column":7},"end":{"line":70,"column":null}},"type":"binary-expr","locations":[{"start":{"line":69,"column":7},"end":{"line":69,"column":null}},{"start":{"line":70,"column":8},"end":{"line":70,"column":null}}],"line":69},"6":{"loc":{"start":{"line":98,"column":2},"end":{"line":98,"column":null}},"type":"default-arg","locations":[{"start":{"line":98,"column":12},"end":{"line":98,"column":null}}],"line":98},"7":{"loc":{"start":{"line":99,"column":2},"end":{"line":99,"column":null}},"type":"default-arg","locations":[{"start":{"line":99,"column":14},"end":{"line":99,"column":null}}],"line":99},"8":{"loc":{"start":{"line":101,"column":2},"end":{"line":101,"column":null}},"type":"default-arg","locations":[{"start":{"line":101,"column":16},"end":{"line":101,"column":null}}],"line":101},"9":{"loc":{"start":{"line":104,"column":18},"end":{"line":104,"column":null}},"type":"binary-expr","locations":[{"start":{"line":104,"column":18},"end":{"line":104,"column":24}},{"start":{"line":104,"column":24},"end":{"line":104,"column":null}}],"line":104},"10":{"loc":{"start":{"line":108,"column":7},"end":{"line":114,"column":null}},"type":"binary-expr","locations":[{"start":{"line":108,"column":7},"end":{"line":108,"column":null}},{"start":{"line":109,"column":8},"end":{"line":114,"column":null}}],"line":108}},"s":{"0":1,"1":14,"2":14,"3":0,"4":0},"f":{"0":14,"1":0},"b":{"0":[14],"1":[14],"2":[14,14],"3":[14,0],"4":[0,14],"5":[14,0],"6":[0],"7":[0],"8":[0],"9":[0,0],"10":[0,0]},"meta":{"lastBranch":11,"lastFunction":2,"lastStatement":5,"seen":{"s:20:24:27:Infinity":0,"f:32:16:32:26":0,"b:37:12:37:Infinity":0,"b:38:14:38:Infinity":1,"s:42:18:42:Infinity":1,"b:42:18:42:24:42:24:42:Infinity":2,"s:44:2:72:Infinity":2,"b:46:7:46:Infinity:47:8:52:Infinity":3,"b:60:46:60:65:60:65:60:82":4,"b:69:7:69:Infinity:70:8:70:Infinity":5,"f:94:16:94:28":1,"b:98:12:98:Infinity":6,"b:99:14:99:Infinity":7,"b:101:16:101:Infinity":8,"s:104:18:104:Infinity":3,"b:104:18:104:24:104:24:104:Infinity":9,"s:106:2:132:Infinity":4,"b:108:7:108:Infinity:109:8:114:Infinity":10}}}
,"/Users/krisarmstrong/Developer/projects/web-foundation/src/components/ui/Typography.tsx": {"path":"/Users/krisarmstrong/Developer/projects/web-foundation/src/components/ui/Typography.tsx","statementMap":{"0":{"start":{"line":11,"column":20},"end":{"line":14,"column":null}},"1":{"start":{"line":12,"column":2},"end":{"line":14,"column":null}},"2":{"start":{"line":25,"column":74},"end":{"line":29,"column":null}},"3":{"start":{"line":32,"column":21},"end":{"line":32,"column":null}},"4":{"start":{"line":33,"column":2},"end":{"line":41,"column":null}},"5":{"start":{"line":46,"column":21},"end":{"line":46,"column":null}},"6":{"start":{"line":47,"column":2},"end":{"line":55,"column":null}},"7":{"start":{"line":67,"column":2},"end":{"line":74,"column":null}},"8":{"start":{"line":79,"column":2},"end":{"line":87,"column":null}},"9":{"start":{"line":92,"column":2},"end":{"line":99,"column":null}},"10":{"start":{"line":122,"column":20},"end":{"line":122,"column":null}},"11":{"start":{"line":123,"column":23},"end":{"line":123,"column":null}},"12":{"start":{"line":124,"column":2},"end":{"line":131,"column":null}},"13":{"start":{"line":150,"column":2},"end":{"line":159,"column":null}},"14":{"start":{"line":170,"column":2},"end":{"line":177,"column":null}},"15":{"start":{"line":191,"column":2},"end":{"line":200,"column":null}},"16":{"start":{"line":211,"column":47},"end":{"line":219,"column":null}},"17":{"start":{"line":220,"column":21},"end":{"line":220,"column":null}},"18":{"start":{"line":222,"column":2},"end":{"line":225,"column":null}},"19":{"start":{"line":236,"column":49},"end":{"line":243,"column":null}},"20":{"start":{"line":244,"column":21},"end":{"line":244,"column":null}},"21":{"start":{"line":246,"column":2},"end":{"line":249,"column":null}}},"fnMap":{"0":{"name":"(anonymous_0)","decl":{"start":{"line":11,"column":20},"end":{"line":11,"column":21}},"loc":{"start":{"line":12,"column":2},"end":{"line":14,"column":null}},"line":12},"1":{"name":"H1","decl":{"start":{"line":31,"column":16},"end":{"line":31,"column":19}},"loc":{"start":{"line":31,"column":97},"end":{"line":43,"column":null}},"line":31},"2":{"name":"H2","decl":{"start":{"line":45,"column":16},"end":{"line":45,"column":19}},"loc":{"start":{"line":45,"column":97},"end":{"line":57,"column":null}},"line":45},"3":{"name":"ArticleTitle","decl":{"start":{"line":66,"column":16},"end":{"line":66,"column":29}},"loc":{"start":{"line":66,"column":89},"end":{"line":76,"column":null}},"line":66},"4":{"name":"SubSectionTitle","decl":{"start":{"line":78,"column":16},"end":{"line":78,"column":32}},"loc":{"start":{"line":78,"column":98},"end":{"line":89,"column":null}},"line":78},"5":{"name":"CardTitle","decl":{"start":{"line":91,"column":16},"end":{"line":91,"column":26}},"loc":{"start":{"line":91,"column":86},"end":{"line":101,"column":null}},"line":91},"6":{"name":"P","decl":{"start":{"line":113,"column":16},"end":{"line":113,"column":18}},"loc":{"start":{"line":121,"column":19},"end":{"line":133,"column":null}},"line":121},"7":{"name":"SmallText","decl":{"start":{"line":143,"column":16},"end":{"line":143,"column":26}},"loc":{"start":{"line":149,"column":19},"end":{"line":161,"column":null}},"line":149},"8":{"name":"MutedText","decl":{"start":{"line":169,"column":16},"end":{"line":169,"column":26}},"loc":{"start":{"line":169,"column":82},"end":{"line":179,"column":null}},"line":169},"9":{"name":"AccentLink","decl":{"start":{"line":190,"column":16},"end":{"line":190,"column":27}},"loc":{"start":{"line":190,"column":109},"end":{"line":202,"column":null}},"line":190},"10":{"name":"Tag","decl":{"start":{"line":210,"column":16},"end":{"line":210,"column":20}},"loc":{"start":{"line":210,"column":82},"end":{"line":227,"column":null}},"line":210},"11":{"name":"Badge","decl":{"start":{"line":235,"column":16},"end":{"line":235,"column":22}},"loc":{"start":{"line":235,"column":85},"end":{"line":251,"column":null}},"line":235}},"branchMap":{"0":{"loc":{"start":{"line":11,"column":27},"end":{"line":11,"column":44}},"type":"default-arg","locations":[{"start":{"line":11,"column":39},"end":{"line":11,"column":44}}],"line":11},"1":{"loc":{"start":{"line":31,"column":31},"end":{"line":31,"column":47}},"type":"default-arg","locations":[{"start":{"line":31,"column":43},"end":{"line":31,"column":47}}],"line":31},"2":{"loc":{"start":{"line":32,"column":21},"end":{"line":32,"column":null}},"type":"binary-expr","locations":[{"start":{"line":32,"column":21},"end":{"line":32,"column":41}},{"start":{"line":32,"column":41},"end":{"line":32,"column":null}}],"line":32},"3":{"loc":{"start":{"line":39,"column":7},"end":{"line":39,"column":null}},"type":"binary-expr","locations":[{"start":{"line":39,"column":7},"end":{"line":39,"column":15}},{"start":{"line":39,"column":15},"end":{"line":39,"column":null}}],"line":39},"4":{"loc":{"start":{"line":45,"column":31},"end":{"line":45,"column":47}},"type":"default-arg","locations":[{"start":{"line":45,"column":43},"end":{"line":45,"column":47}}],"line":45},"5":{"loc":{"start":{"line":46,"column":21},"end":{"line":46,"column":null}},"type":"binary-expr","locations":[{"start":{"line":46,"column":21},"end":{"line":46,"column":41}},{"start":{"line":46,"column":41},"end":{"line":46,"column":null}}],"line":46},"6":{"loc":{"start":{"line":53,"column":7},"end":{"line":53,"column":null}},"type":"binary-expr","locations":[{"start":{"line":53,"column":7},"end":{"line":53,"column":15}},{"start":{"line":53,"column":15},"end":{"line":53,"column":null}}],"line":53},"7":{"loc":{"start":{"line":66,"column":41},"end":{"line":66,"column":57}},"type":"default-arg","locations":[{"start":{"line":66,"column":53},"end":{"line":66,"column":57}}],"line":66},"8":{"loc":{"start":{"line":78,"column":44},"end":{"line":78,"column":60}},"type":"default-arg","locations":[{"start":{"line":78,"column":56},"end":{"line":78,"column":60}}],"line":78},"9":{"loc":{"start":{"line":85,"column":7},"end":{"line":85,"column":null}},"type":"binary-expr","locations":[{"start":{"line":85,"column":7},"end":{"line":85,"column":15}},{"start":{"line":85,"column":15},"end":{"line":85,"column":null}}],"line":85},"10":{"loc":{"start":{"line":91,"column":38},"end":{"line":91,"column":54}},"type":"default-arg","locations":[{"start":{"line":91,"column":50},"end":{"line":91,"column":54}}],"line":91},"11":{"loc":{"start":{"line":115,"column":2},"end":{"line":115,"column":null}},"type":"default-arg","locations":[{"start":{"line":115,"column":14},"end":{"line":115,"column":null}}],"line":115},"12":{"loc":{"start":{"line":116,"column":2},"end":{"line":116,"column":null}},"type":"default-arg","locations":[{"start":{"line":116,"column":12},"end":{"line":116,"column":null}}],"line":116},"13":{"loc":{"start":{"line":117,"column":2},"end":{"line":117,"column":null}},"type":"default-arg","locations":[{"start":{"line":117,"column":9},"end":{"line":117,"column":null}}],"line":117},"14":{"loc":{"start":{"line":118,"column":2},"end":{"line":118,"column":null}},"type":"default-arg","locations":[{"start":{"line":118,"column":10},"end":{"line":118,"column":null}}],"line":118},"15":{"loc":{"start":{"line":122,"column":20},"end":{"line":122,"column":null}},"type":"cond-expr","locations":[{"start":{"line":122,"column":36},"end":{"line":122,"column":48}},{"start":{"line":122,"column":48},"end":{"line":122,"column":null}}],"line":122},"16":{"loc":{"start":{"line":123,"column":23},"end":{"line":123,"column":null}},"type":"binary-expr","locations":[{"start":{"line":123,"column":23},"end":{"line":123,"column":53}},{"start":{"line":123,"column":53},"end":{"line":123,"column":null}}],"line":123},"17":{"loc":{"start":{"line":126,"column":10},"end":{"line":126,"column":null}},"type":"binary-expr","locations":[{"start":{"line":126,"column":10},"end":{"line":126,"column":16}},{"start":{"line":126,"column":16},"end":{"line":126,"column":null}}],"line":126},"18":{"loc":{"start":{"line":145,"column":2},"end":{"line":145,"column":null}},"type":"default-arg","locations":[{"start":{"line":145,"column":14},"end":{"line":145,"column":null}}],"line":145},"19":{"loc":{"start":{"line":146,"column":2},"end":{"line":146,"column":null}},"type":"default-arg","locations":[{"start":{"line":146,"column":10},"end":{"line":146,"column":null}}],"line":146},"20":{"loc":{"start":{"line":147,"column":2},"end":{"line":147,"column":null}},"type":"default-arg","locations":[{"start":{"line":147,"column":12},"end":{"line":147,"column":null}}],"line":147},"21":{"loc":{"start":{"line":154,"column":8},"end":{"line":154,"column":null}},"type":"binary-expr","locations":[{"start":{"line":154,"column":8},"end":{"line":154,"column":38}},{"start":{"line":154,"column":38},"end":{"line":154,"column":null}}],"line":154},"22":{"loc":{"start":{"line":169,"column":38},"end":{"line":169,"column":54}},"type":"default-arg","locations":[{"start":{"line":169,"column":50},"end":{"line":169,"column":54}}],"line":169},"23":{"loc":{"start":{"line":190,"column":43},"end":{"line":190,"column":59}},"type":"default-arg","locations":[{"start":{"line":190,"column":55},"end":{"line":190,"column":59}}],"line":190},"24":{"loc":{"start":{"line":197,"column":7},"end":{"line":197,"column":null}},"type":"binary-expr","locations":[{"start":{"line":197,"column":7},"end":{"line":197,"column":19}},{"start":{"line":197,"column":19},"end":{"line":197,"column":null}}],"line":197},"25":{"loc":{"start":{"line":199,"column":7},"end":{"line":199,"column":null}},"type":"binary-expr","locations":[{"start":{"line":199,"column":7},"end":{"line":199,"column":20}},{"start":{"line":199,"column":20},"end":{"line":199,"column":null}}],"line":199},"26":{"loc":{"start":{"line":210,"column":32},"end":{"line":210,"column":48}},"type":"default-arg","locations":[{"start":{"line":210,"column":44},"end":{"line":210,"column":48}}],"line":210},"27":{"loc":{"start":{"line":210,"column":48},"end":{"line":210,"column":69}},"type":"default-arg","locations":[{"start":{"line":210,"column":62},"end":{"line":210,"column":69}}],"line":210},"28":{"loc":{"start":{"line":223,"column":38},"end":{"line":223,"column":84}},"type":"binary-expr","locations":[{"start":{"line":223,"column":38},"end":{"line":223,"column":67}},{"start":{"line":223,"column":67},"end":{"line":223,"column":84}}],"line":223},"29":{"loc":{"start":{"line":235,"column":34},"end":{"line":235,"column":50}},"type":"default-arg","locations":[{"start":{"line":235,"column":46},"end":{"line":235,"column":50}}],"line":235},"30":{"loc":{"start":{"line":235,"column":50},"end":{"line":235,"column":70}},"type":"default-arg","locations":[{"start":{"line":235,"column":60},"end":{"line":235,"column":70}}],"line":235},"31":{"loc":{"start":{"line":247,"column":38},"end":{"line":247,"column":87}},"type":"binary-expr","locations":[{"start":{"line":247,"column":38},"end":{"line":247,"column":65}},{"start":{"line":247,"column":65},"end":{"line":247,"column":87}}],"line":247}},"s":{"0":1,"1":3,"2":1,"3":1,"4":1,"5":0,"6":0,"7":0,"8":0,"9":0,"10":1,"11":1,"12":1,"13":0,"14":1,"15":0,"16":0,"17":0,"18":0,"19":0,"20":0,"21":0},"f":{"0":3,"1":1,"2":0,"3":0,"4":0,"5":0,"6":1,"7":0,"8":1,"9":0,"10":0,"11":0},"b":{"0":[3],"1":[1],"2":[1,1],"3":[1,0],"4":[0],"5":[0,0],"6":[0,0],"7":[0],"8":[0],"9":[0,0],"10":[0],"11":[1],"12":[1],"13":[1],"14":[1],"15":[0,1],"16":[1,0],"17":[1,1],"18":[0],"19":[0],"20":[0],"21":[0,0],"22":[1],"23":[0],"24":[0,0],"25":[0,0],"26":[0],"27":[0],"28":[0,0],"29":[0],"30":[0],"31":[0,0]},"meta":{"lastBranch":32,"lastFunction":12,"lastStatement":22,"seen":{"s:11:20:14:Infinity":0,"f:11:20:11:21":0,"s:12:2:14:Infinity":1,"b:11:39:11:44":0,"s:25:74:29:Infinity":2,"f:31:16:31:19":1,"b:31:43:31:47":1,"s:32:21:32:Infinity":3,"b:32:21:32:41:32:41:32:Infinity":2,"s:33:2:41:Infinity":4,"b:39:7:39:15:39:15:39:Infinity":3,"f:45:16:45:19":2,"b:45:43:45:47":4,"s:46:21:46:Infinity":5,"b:46:21:46:41:46:41:46:Infinity":5,"s:47:2:55:Infinity":6,"b:53:7:53:15:53:15:53:Infinity":6,"f:66:16:66:29":3,"b:66:53:66:57":7,"s:67:2:74:Infinity":7,"f:78:16:78:32":4,"b:78:56:78:60":8,"s:79:2:87:Infinity":8,"b:85:7:85:15:85:15:85:Infinity":9,"f:91:16:91:26":5,"b:91:50:91:54":10,"s:92:2:99:Infinity":9,"f:113:16:113:18":6,"b:115:14:115:Infinity":11,"b:116:12:116:Infinity":12,"b:117:9:117:Infinity":13,"b:118:10:118:Infinity":14,"s:122:20:122:Infinity":10,"b:122:36:122:48:122:48:122:Infinity":15,"s:123:23:123:Infinity":11,"b:123:23:123:53:123:53:123:Infinity":16,"s:124:2:131:Infinity":12,"b:126:10:126:16:126:16:126:Infinity":17,"f:143:16:143:26":7,"b:145:14:145:Infinity":18,"b:146:10:146:Infinity":19,"b:147:12:147:Infinity":20,"s:150:2:159:Infinity":13,"b:154:8:154:38:154:38:154:Infinity":21,"f:169:16:169:26":8,"b:169:50:169:54":22,"s:170:2:177:Infinity":14,"f:190:16:190:27":9,"b:190:55:190:59":23,"s:191:2:200:Infinity":15,"b:197:7:197:19:197:19:197:Infinity":24,"b:199:7:199:20:199:20:199:Infinity":25,"f:210:16:210:20":10,"b:210:44:210:48":26,"b:210:62:210:69":27,"s:211:47:219:Infinity":16,"s:220:21:220:Infinity":17,"s:222:2:225:Infinity":18,"b:223:38:223:67:223:67:223:84":28,"f:235:16:235:22":11,"b:235:46:235:50":29,"b:235:60:235:70":30,"s:236:49:243:Infinity":19,"s:244:21:244:Infinity":20,"s:246:2:249:Infinity":21,"b:247:38:247:65:247:65:247:87":31}}}
,"/Users/krisarmstrong/Developer/projects/web-foundation/src/context/ThemeContext.tsx": {"path":"/Users/krisarmstrong/Developer/projects/web-foundation/src/context/ThemeContext.tsx","statementMap":{"0":{"start":{"line":9,"column":2},"end":{"line":9,"column":null}},"1":{"start":{"line":9,"column":43},"end":{"line":9,"column":null}},"2":{"start":{"line":12,"column":2},"end":{"line":12,"column":null}},"3":{"start":{"line":12,"column":32},"end":{"line":12,"column":null}},"4":{"start":{"line":15,"column":18},"end":{"line":15,"column":null}},"5":{"start":{"line":16,"column":2},"end":{"line":16,"column":null}},"6":{"start":{"line":17,"column":2},"end":{"line":17,"column":null}},"7":{"start":{"line":20,"column":2},"end":{"line":20,"column":null}},"8":{"start":{"line":30,"column":2},"end":{"line":34,"column":null}},"9":{"start":{"line":31,"column":4},"end":{"line":31,"column":null}},"10":{"start":{"line":33,"column":4},"end":{"line":33,"column":null}},"11":{"start":{"line":102,"column":6},"end":{"line":102,"column":null}},"12":{"start":{"line":107,"column":45},"end":{"line":137,"column":null}},"13":{"start":{"line":142,"column":46},"end":{"line":172,"column":null}},"14":{"start":{"line":177,"column":43},"end":{"line":213,"column":null}},"15":{"start":{"line":242,"column":29},"end":{"line":242,"column":null}},"16":{"start":{"line":243,"column":27},"end":{"line":243,"column":null}},"17":{"start":{"line":245,"column":8},"end":{"line":248,"column":null}},"18":{"start":{"line":246,"column":11},"end":{"line":246,"column":null}},"19":{"start":{"line":250,"column":8},"end":{"line":253,"column":null}},"20":{"start":{"line":251,"column":11},"end":{"line":251,"column":null}},"21":{"start":{"line":256,"column":2},"end":{"line":286,"column":null}},"22":{"start":{"line":257,"column":17},"end":{"line":257,"column":null}},"23":{"start":{"line":260,"column":4},"end":{"line":260,"column":null}},"24":{"start":{"line":260,"column":30},"end":{"line":260,"column":null}},"25":{"start":{"line":261,"column":4},"end":{"line":261,"column":null}},"26":{"start":{"line":261,"column":29},"end":{"line":261,"column":null}},"27":{"start":{"line":264,"column":4},"end":{"line":264,"column":null}},"28":{"start":{"line":264,"column":29},"end":{"line":264,"column":null}},"29":{"start":{"line":265,"column":4},"end":{"line":265,"column":null}},"30":{"start":{"line":265,"column":31},"end":{"line":265,"column":null}},"31":{"start":{"line":266,"column":4},"end":{"line":266,"column":null}},"32":{"start":{"line":266,"column":31},"end":{"line":266,"column":null}},"33":{"start":{"line":269,"column":4},"end":{"line":269,"column":null}},"34":{"start":{"line":269,"column":29},"end":{"line":269,"column":null}},"35":{"start":{"line":270,"column":4},"end":{"line":270,"column":null}},"36":{"start":{"line":270,"column":27},"end":{"line":270,"column":null}},"37":{"start":{"line":271,"column":4},"end":{"line":271,"column":null}},"38":{"start":{"line":271,"column":28},"end":{"line":271,"column":null}},"39":{"start":{"line":274,"column":4},"end":{"line":274,"column":null}},"40":{"start":{"line":274,"column":34},"end":{"line":274,"column":null}},"41":{"start":{"line":275,"column":4},"end":{"line":275,"column":null}},"42":{"start":{"line":275,"column":35},"end":{"line":275,"column":null}},"43":{"start":{"line":276,"column":4},"end":{"line":276,"column":null}},"44":{"start":{"line":276,"column":34},"end":{"line":276,"column":null}},"45":{"start":{"line":279,"column":4},"end":{"line":279,"column":null}},"46":{"start":{"line":280,"column":4},"end":{"line":285,"column":null}},"47":{"start":{"line":281,"column":26},"end":{"line":281,"column":null}},"48":{"start":{"line":282,"column":6},"end":{"line":282,"column":null}},"49":{"start":{"line":284,"column":6},"end":{"line":284,"column":null}},"50":{"start":{"line":288,"column":8},"end":{"line":291,"column":null}},"51":{"start":{"line":289,"column":11},"end":{"line":289,"column":null}},"52":{"start":{"line":293,"column":2},"end":{"line":293,"column":null}},"53":{"start":{"line":305,"column":8},"end":{"line":305,"column":null}},"54":{"start":{"line":306,"column":2},"end":{"line":308,"column":null}},"55":{"start":{"line":307,"column":4},"end":{"line":307,"column":null}},"56":{"start":{"line":309,"column":2},"end":{"line":309,"column":null}},"57":{"start":{"line":323,"column":2},"end":{"line":323,"column":null}}},"fnMap":{"0":{"name":"isValidCSSColor","decl":{"start":{"line":8,"column":9},"end":{"line":8,"column":25}},"loc":{"start":{"line":8,"column":49},"end":{"line":21,"column":null}},"line":8},"1":{"name":"setSafeProperty","decl":{"start":{"line":29,"column":9},"end":{"line":29,"column":25}},"loc":{"start":{"line":29,"column":86},"end":{"line":35,"column":null}},"line":29},"2":{"name":"ThemeProvider","decl":{"start":{"line":236,"column":16},"end":{"line":236,"column":30}},"loc":{"start":{"line":241,"column":23},"end":{"line":294,"column":null}},"line":241},"3":{"name":"(anonymous_3)","decl":{"start":{"line":246,"column":4},"end":{"line":246,"column":11}},"loc":{"start":{"line":246,"column":11},"end":{"line":246,"column":null}},"line":246},"4":{"name":"(anonymous_4)","decl":{"start":{"line":246,"column":47},"end":{"line":246,"column":53}},"loc":{"start":{"line":246,"column":53},"end":{"line":246,"column":null}},"line":246},"5":{"name":"(anonymous_5)","decl":{"start":{"line":251,"column":4},"end":{"line":251,"column":11}},"loc":{"start":{"line":251,"column":11},"end":{"line":251,"column":null}},"line":251},"6":{"name":"(anonymous_6)","decl":{"start":{"line":251,"column":46},"end":{"line":251,"column":52}},"loc":{"start":{"line":251,"column":52},"end":{"line":251,"column":null}},"line":251},"7":{"name":"(anonymous_7)","decl":{"start":{"line":256,"column":12},"end":{"line":256,"column":18}},"loc":{"start":{"line":256,"column":18},"end":{"line":286,"column":5}},"line":256},"8":{"name":"(anonymous_8)","decl":{"start":{"line":289,"column":4},"end":{"line":289,"column":11}},"loc":{"start":{"line":289,"column":11},"end":{"line":289,"column":null}},"line":289},"9":{"name":"useTheme","decl":{"start":{"line":304,"column":16},"end":{"line":304,"column":46}},"loc":{"start":{"line":304,"column":46},"end":{"line":310,"column":null}},"line":304},"10":{"name":"useOptionalTheme","decl":{"start":{"line":322,"column":16},"end":{"line":322,"column":61}},"loc":{"start":{"line":322,"column":61},"end":{"line":324,"column":null}},"line":322}},"branchMap":{"0":{"loc":{"start":{"line":9,"column":2},"end":{"line":9,"column":null}},"type":"if","locations":[{"start":{"line":9,"column":2},"end":{"line":9,"column":null}},{"start":{},"end":{}}],"line":9},"1":{"loc":{"start":{"line":9,"column":6},"end":{"line":9,"column":43}},"type":"binary-expr","locations":[{"start":{"line":9,"column":6},"end":{"line":9,"column":16}},{"start":{"line":9,"column":16},"end":{"line":9,"column":43}}],"line":9},"2":{"loc":{"start":{"line":12,"column":2},"end":{"line":12,"column":null}},"type":"if","locations":[{"start":{"line":12,"column":2},"end":{"line":12,"column":null}},{"start":{},"end":{}}],"line":12},"3":{"loc":{"start":{"line":30,"column":2},"end":{"line":34,"column":null}},"type":"if","locations":[{"start":{"line":30,"column":2},"end":{"line":34,"column":null}},{"start":{"line":32,"column":9},"end":{"line":34,"column":null}}],"line":30},"4":{"loc":{"start":{"line":238,"column":2},"end":{"line":238,"column":null}},"type":"default-arg","locations":[{"start":{"line":238,"column":17},"end":{"line":238,"column":null}}],"line":238},"5":{"loc":{"start":{"line":239,"column":2},"end":{"line":239,"column":null}},"type":"default-arg","locations":[{"start":{"line":239,"column":16},"end":{"line":239,"column":null}}],"line":239},"6":{"loc":{"start":{"line":240,"column":2},"end":{"line":240,"column":null}},"type":"default-arg","locations":[{"start":{"line":240,"column":22},"end":{"line":240,"column":null}}],"line":240},"7":{"loc":{"start":{"line":246,"column":11},"end":{"line":246,"column":null}},"type":"cond-expr","locations":[{"start":{"line":246,"column":31},"end":{"line":246,"column":47}},{"start":{"line":246,"column":47},"end":{"line":246,"column":null}}],"line":246},"8":{"loc":{"start":{"line":251,"column":11},"end":{"line":251,"column":null}},"type":"cond-expr","locations":[{"start":{"line":251,"column":31},"end":{"line":251,"column":46}},{"start":{"line":251,"column":46},"end":{"line":251,"column":null}}],"line":251},"9":{"loc":{"start":{"line":260,"column":4},"end":{"line":260,"column":null}},"type":"if","locations":[{"start":{"line":260,"column":4},"end":{"line":260,"column":null}},{"start":{},"end":{}}],"line":260},"10":{"loc":{"start":{"line":261,"column":4},"end":{"line":261,"column":null}},"type":"if","locations":[{"start":{"line":261,"column":4},"end":{"line":261,"column":null}},{"start":{},"end":{}}],"line":261},"11":{"loc":{"start":{"line":264,"column":4},"end":{"line":264,"column":null}},"type":"if","locations":[{"start":{"line":264,"column":4},"end":{"line":264,"column":null}},{"start":{},"end":{}}],"line":264},"12":{"loc":{"start":{"line":265,"column":4},"end":{"line":265,"column":null}},"type":"if","locations":[{"start":{"line":265,"column":4},"end":{"line":265,"column":null}},{"start":{},"end":{}}],"line":265},"13":{"loc":{"start":{"line":266,"column":4},"end":{"line":266,"column":null}},"
[...]
n":55},"end":{"line":180,"column":79}}],"line":180},"8":{"loc":{"start":{"line":182,"column":4},"end":{"line":182,"column":null}},"type":"default-arg","locations":[{"start":{"line":182,"column":14},"end":{"line":182,"column":null}}],"line":182},"9":{"loc":{"start":{"line":184,"column":4},"end":{"line":184,"column":null}},"type":"default-arg","locations":[{"start":{"line":184,"column":24},"end":{"line":184,"column":null}}],"line":184},"10":{"loc":{"start":{"line":185,"column":4},"end":{"line":185,"column":null}},"type":"default-arg","locations":[{"start":{"line":185,"column":12},"end":{"line":185,"column":null}}],"line":185},"11":{"loc":{"start":{"line":186,"column":4},"end":{"line":186,"column":null}},"type":"default-arg","locations":[{"start":{"line":186,"column":18},"end":{"line":186,"column":null}}],"line":186},"12":{"loc":{"start":{"line":187,"column":4},"end":{"line":187,"column":null}},"type":"default-arg","locations":[{"start":{"line":187,"column":21},"end":{"line":187,"column":null}}],"line":187},"13":{"loc":{"start":{"line":188,"column":4},"end":{"line":188,"column":null}},"type":"default-arg","locations":[{"start":{"line":188,"column":25},"end":{"line":188,"column":null}}],"line":188},"14":{"loc":{"start":{"line":189,"column":4},"end":{"line":189,"column":null}},"type":"default-arg","locations":[{"start":{"line":189,"column":28},"end":{"line":189,"column":null}}],"line":189},"15":{"loc":{"start":{"line":198,"column":4},"end":{"line":201,"column":null}},"type":"if","locations":[{"start":{"line":198,"column":4},"end":{"line":201,"column":null}},{"start":{},"end":{}}],"line":198},"16":{"loc":{"start":{"line":204,"column":4},"end":{"line":208,"column":null}},"type":"if","locations":[{"start":{"line":204,"column":4},"end":{"line":208,"column":null}},{"start":{},"end":{}}],"line":204},"17":{"loc":{"start":{"line":206,"column":6},"end":{"line":206,"column":null}},"type":"if","locations":[{"start":{"line":206,"column":6},"end":{"line":206,"column":null}},{"start":{},"end":{}}],"line":206},"18":{"loc":{"start":{"line":215,"column":6},"end":{"line":223,"column":null}},"type":"if","locations":[{"start":{"line":215,"column":6},"end":{"line":223,"column":null}},{"start":{"line":219,"column":6},"end":{"line":223,"column":null}}],"line":215},"19":{"loc":{"start":{"line":217,"column":8},"end":{"line":217,"column":null}},"type":"if","locations":[{"start":{"line":217,"column":8},"end":{"line":217,"column":null}},{"start":{},"end":{}}],"line":217},"20":{"loc":{"start":{"line":219,"column":6},"end":{"line":223,"column":null}},"type":"if","locations":[{"start":{"line":219,"column":6},"end":{"line":223,"column":null}},{"start":{},"end":{}}],"line":219},"21":{"loc":{"start":{"line":221,"column":8},"end":{"line":221,"column":null}},"type":"if","locations":[{"start":{"line":221,"column":8},"end":{"line":221,"column":null}},{"start":{},"end":{}}],"line":221},"22":{"loc":{"start":{"line":228,"column":4},"end":{"line":230,"column":null}},"type":"if","locations":[{"start":{"line":228,"column":4},"end":{"line":230,"column":null}},{"start":{},"end":{}}],"line":228},"23":{"loc":{"start":{"line":236,"column":6},"end":{"line":247,"column":null}},"type":"if","locations":[{"start":{"line":236,"column":6},"end":{"line":247,"column":null}},{"start":{"line":238,"column":6},"end":{"line":247,"column":null}}],"line":236},"24":{"loc":{"start":{"line":238,"column":6},"end":{"line":247,"column":null}},"type":"if","locations":[{"start":{"line":238,"column":6},"end":{"line":247,"column":null}},{"start":{},"end":{}}],"line":238},"25":{"loc":{"start":{"line":241,"column":30},"end":{"line":241,"column":null}},"type":"cond-expr","locations":[{"start":{"line":241,"column":38},"end":{"line":241,"column":56}},{"start":{"line":241,"column":56},"end":{"line":241,"column":null}}],"line":241},"26":{"loc":{"start":{"line":242,"column":8},"end":{"line":246,"column":null}},"type":"if","locations":[{"start":{"line":242,"column":8},"end":{"line":246,"column":null}},{"start":{},"end":{}}],"line":242},"27":{"loc":{"start":{"line":255,"column":4},"end":{"line":255,"column":null}},"type":"if","locations":[{"start":{"line":255,"column":4},"end":{"line":255,"column":null}},{"start":{},"end":{}}],"line":255},"28":{"loc":{"start":{"line":255,"column":8},"end":{"line":255,"column":58}},"type":"binary-expr","locations":[{"start":{"line":255,"column":8},"end":{"line":255,"column":20}},{"start":{"line":255,"column":20},"end":{"line":255,"column":36}},{"start":{"line":255,"column":36},"end":{"line":255,"column":58}}],"line":255},"29":{"loc":{"start":{"line":258,"column":6},"end":{"line":263,"column":null}},"type":"if","locations":[{"start":{"line":258,"column":6},"end":{"line":263,"column":null}},{"start":{},"end":{}}],"line":258},"30":{"loc":{"start":{"line":267,"column":6},"end":{"line":271,"column":null}},"type":"if","locations":[{"start":{"line":267,"column":6},"end":{"line":271,"column":null}},{"start":{},"end":{}}],"line":267},"31":{"loc":{"start":{"line":285,"column":4},"end":{"line":285,"column":null}},"type":"if","locations":[{"start":{"line":285,"column":4},"end":{"line":285,"column":null}},{"start":{},"end":{}}],"line":285},"32":{"loc":{"start":{"line":285,"column":8},"end":{"line":285,"column":61}},"type":"binary-expr","locations":[{"start":{"line":285,"column":8},"end":{"line":285,"column":20}},{"start":{"line":285,"column":20},"end":{"line":285,"column":39}},{"start":{"line":285,"column":39},"end":{"line":285,"column":61}}],"line":285},"33":{"loc":{"start":{"line":288,"column":12},"end":{"line":288,"column":null}},"type":"binary-expr","locations":[{"start":{"line":288,"column":12},"end":{"line":288,"column":27}},{"start":{"line":288,"column":27},"end":{"line":288,"column":null}}],"line":288},"34":{"loc":{"start":{"line":293,"column":4},"end":{"line":295,"column":null}},"type":"if","locations":[{"start":{"line":293,"column":4},"end":{"line":295,"column":null}},{"start":{},"end":{}}],"line":293},"35":{"loc":{"start":{"line":294,"column":52},"end":{"line":294,"column":91}},"type":"binary-expr","locations":[{"start":{"line":294,"column":52},"end":{"line":294,"column":67}},{"start":{"line":294,"column":67},"end":{"line":294,"column":91}}],"line":294},"36":{"loc":{"start":{"line":299,"column":24},"end":{"line":299,"column":70}},"type":"default-arg","locations":[{"start":{"line":299,"column":63},"end":{"line":299,"column":70}}],"line":299},"37":{"loc":{"start":{"line":300,"column":6},"end":{"line":300,"column":null}},"type":"if","locations":[{"start":{"line":300,"column":6},"end":{"line":300,"column":null}},{"start":{},"end":{}}],"line":300},"38":{"loc":{"start":{"line":300,"column":10},"end":{"line":300,"column":44}},"type":"binary-expr","locations":[{"start":{"line":300,"column":10},"end":{"line":300,"column":22}},{"start":{"line":300,"column":22},"end":{"line":300,"column":44}}],"line":300},"39":{"loc":{"start":{"line":305,"column":6},"end":{"line":307,"column":null}},"type":"if","locations":[{"start":{"line":305,"column":6},"end":{"line":307,"column":null}},{"start":{},"end":{}}],"line":305},"40":{"loc":{"start":{"line":314,"column":6},"end":{"line":314,"column":null}},"type":"if","locations":[{"start":{"line":314,"column":6},"end":{"line":314,"column":null}},{"start":{},"end":{}}],"line":314},"41":{"loc":{"start":{"line":314,"column":10},"end":{"line":314,"column":44}},"type":"binary-expr","locations":[{"start":{"line":314,"column":10},"end":{"line":314,"column":22}},{"start":{"line":314,"column":22},"end":{"line":314,"column":44}}],"line":314},"42":{"loc":{"start":{"line":318,"column":6},"end":{"line":320,"column":null}},"type":"if","locations":[{"start":{"line":318,"column":6},"end":{"line":320,"column":null}},{"start":{},"end":{}}],"line":318},"43":{"loc":{"start":{"line":326,"column":5},"end":{"line":326,"column":54}},"type":"default-arg","locations":[{"start":{"line":326,"column":47},"end":{"line":326,"column":54}}],"line":326},"44":{"loc":{"start":{"line":327,"column":6},"end":{"line":327,"column":null}},"type":"if","locations":[{"start":{"line":327,"column":6},"end":{"line":327,"column":null}},{"start":{},"end":{}}],"line":327},"45":{"loc":{"start":{"line":327,"column":10},"end":{"line":327,"column":44}},"type":"binary-expr","locations":[{"start":{"line":327,"column":10},"end":{"line":327,"column":22}},{"start":{"line":327,"column":22},"end":{"line":327,"column":44}}],"line":327},"46":{"loc":{"start":{"line":337,"column":6},"end":{"line":339,"column":null}},"type":"if","locations":[{"start":{"line":337,"column":6},"end":{"line":339,"column":null}},{"start":{},"end":{}}],"line":337},"47":{"loc":{"start":{"line":345,"column":21},"end":{"line":345,"column":62}},"type":"default-arg","locations":[{"start":{"line":345,"column":55},"end":{"line":345,"column":62}}],"line":345},"48":{"loc":{"start":{"line":346,"column":6},"end":{"line":346,"column":null}},"type":"if","locations":[{"start":{"line":346,"column":6},"end":{"line":346,"column":null}},{"start":{},"end":{}}],"line":346},"49":{"loc":{"start":{"line":346,"column":10},"end":{"line":346,"column":54}},"type":"binary-expr","locations":[{"start":{"line":346,"column":10},"end":{"line":346,"column":22}},{"start":{"line":346,"column":22},"end":{"line":346,"column":54}}],"line":346},"50":{"loc":{"start":{"line":350,"column":6},"end":{"line":352,"column":null}},"type":"if","locations":[{"start":{"line":350,"column":6},"end":{"line":352,"column":null}},{"start":{},"end":{}}],"line":350}},"s":{"0":1,"1":0,"2":0,"3":0,"4":0,"5":1,"6":0,"7":0,"8":0,"9":0,"10":0,"11":0,"12":0,"13":0,"14":0,"15":0,"16":1,"17":0,"18":0,"19":0,"20":0,"21":0,"22":0,"23":0,"24":0,"25":1,"26":1,"27":1,"28":1,"29":1,"30":1,"31":1,"32":0,"33":0,"34":0,"35":0,"36":0,"37":0,"38":0,"39":0,"40":0,"41":0,"42":0,"43":0,"44":0,"45":0,"46":0,"47":0,"48":0,"49":0,"50":0,"51":0,"52":0,"53":0,"54":0,"55":0,"56":0,"57":0,"58":0,"59":0,"60":0,"61":0,"62":0,"63":0,"64":1,"65":1,"66":1,"67":0,"68":0,"69":0,"70":0,"71":0,"72":0,"73":0,"74":0,"75":0,"76":0,"77":0,"78":1,"79":1,"80":1,"81":0,"82":1,"83":0,"84":1,"85":0,"86":0,"87":0,"88":0,"89":0,"90":0,"91":1,"92":0,"93":0,"94":0,"95":0,"96":0,"97":1,"98":0,"99":0,"100":0,"101":0,"102":0,"103":0,"104":1,"105":0,"106":0,"107":0,"108":0,"109":0,"110":1},"f":{"0":0,"1":0,"2":0,"3":0,"4":0,"5":0,"6":0,"7":0,"8":0,"9":0,"10":0,"11":0,"12":0,"13":1,"14":1,"15":0,"16":0,"17":0,"18":1,"19":0,"20":0,"21":0,"22":1,"23":0,"24":0,"25":0,"26":0},"b":{"0":[0,0],"1":[0,0],"2":[0,0],"3":[0,0],"4":[0,0],"5":[0,0],"6":[0,0],"7":[1],"8":[1],"9":[1],"10":[1],"11":[1],"12":[1],"13":[1],"14":[1],"15":[1,0],"16":[0,0],"17":[0,0],"18":[0,0],"19":[0,0],"20":[0,0],"21":[0,0],"22":[0,0],"23":[0,0],"24":[0,0],"25":[0,0],"26":[0,0],"27":[1,0],"28":[1,0,0],"29":[0,0],"30":[0,0],"31":[1,0],"32":[1,0,0],"33":[0,0],"34":[0,1],"35":[0,0],"36":[0],"37":[0,0],"38":[0,0],"39":[0,0],"40":[0,0],"41":[0,0],"42":[0,0],"43":[0],"44":[0,0],"45":[0,0],"46":[0,0],"47":[0],"48":[0,0],"49":[0,0],"50":[0,0]},"meta":{"lastBranch":51,"lastFunction":27,"lastStatement":111,"seen":{"s:91:43:104:Infinity":0,"f:92:14:92:15":0,"s:93:4:93:Infinity":1,"f:95:14:95:15":1,"s:96:4:96:Infinity":2,"f:98:17:98:18":2,"s:99:4:99:Infinity":3,"f:101:12:101:13":3,"s:102:4:102:Infinity":4,"s:109:38:138:Infinity":5,"f:109:38:109:70":4,"b:110:2:112:Infinity:undefined:undefined:undefined:undefined":0,"s:110:2:112:Infinity":6,"b:110:6:110:39:110:39:110:53":1,"s:111:4:111:Infinity":7,"s:114:15:114:Infinity":8,"s:116:2:137:Infinity":9,"f:117:16:117:17":5,"s:118:6:118:Infinity":10,"f:120:16:120:17":6,"s:121:27:121:Infinity":11,"b:121:52:121:68:121:68:121:Infinity":2,"s:122:6:125:Infinity":12,"f:127:19:127:20":7,"s:128:6:128:Infinity":13,"f:130:14:130:15":8,"b:131:6:135:Infinity:undefined:undefined:undefined:undefined":3,"s:131:6:135:Infinity":14,"s:132:8:134:Infinity":15,"s:143:32:162:Infinity":16,"f:143:32:143:64":9,"b:144:2:146:Infinity:undefined:undefined:undefined:undefined":4,"s:144:2:146:Infinity":17,"b:144:6:144:39:144:39:144:58":5,"s:145:4:145:Infinity":18,"s:148:20:148:Infinity":19,"s:150:2:161:Infinity":20,"f:151:16:151:17":10,"s:152:6:152:Infinity":21,"f:154:16:154:17":11,"s:155:27:155:Infinity":22,"b:155:52:155:68:155:68:155:Infinity":6,"s:156:6:156:Infinity":23,"f:158:19:158:25":12,"s:159:6:159:Infinity":24,"f:180:16:180:29":13,"b:180:55:180:79":7,"s:191:6:191:Infinity":25,"b:182:14:182:Infinity":8,"b:184:24:184:Infinity":9,"b:185:12:185:Infinity":10,"b:186:18:186:Infinity":11,"b:187:21:187:Infinity":12,"b:188:25:188:Infinity":13,"b:189:28:189:Infinity":14,"s:193:8:193:Infinity":26,"s:194:8:194:Infinity":27,"s:197:2:251:Infinity":28,"f:197:12:197:18":14,"b:198:4:201:Infinity:undefined:undefined:undefined:undefined":15,"s:198:4:201:Infinity":29,"s:199:6:199:Infinity":30,"s:200:6:200:Infinity":31,"b:204:4:208:Infinity:undefined:undefined:undefined:undefined":16,"s:204:4:208:Infinity":32,"s:205:6:205:Infinity":33,"b:206:6:206:Infinity:undefined:undefined:undefined:undefined":17,"s:206:6:206:Infinity":34,"s:206:17:206:Infinity":35,"s:207:6:207:Infinity":36,"s:211:27:225:Infinity":37,"f:211:27:211:33":15,"s:212:25:212:Infinity":38,"s:213:32:213:Infinity":39,"b:215:6:223:Infinity:219:6:223:Infinity":18,"s:215:6:223:Infinity":40,"s:216:8:216:Infinity":41,"b:217:8:217:Infinity:undefined:undefined:undefined:undefined":19,"s:217:8:217:Infinity":42,"s:217:19:217:Infinity":43,"s:218:8:218:Infinity":44,"b:219:6:223:Infinity:undefined:undefined:undefined:undefined":20,"s:219:6:223:Infinity":45,"s:220:8:220:Infinity":46,"b:221:8:221:Infinity:undefined:undefined:undefined:undefined":21,"s:221:8:221:Infinity":47,"s:221:19:221:Infinity":48,"s:222:8:222:Infinity":49,"s:224:6:224:Infinity":50,"b:228:4:230:Infinity:undefined:undefined:undefined:undefined":22,"s:228:4:230:Infinity":51,"s:229:6:229:Infinity":52,"s:233:26:248:Infinity":53,"f:233:38:233:44":16,"s:234:6:234:Infinity":54,"b:236:6:247:Infinity:238:6:247:Infinity":23,"s:236:6:247:Infinity":55,"s:237:8:237:Infinity":56,"b:238:6:247:Infinity:undefined:undefined:undefined:undefined":24,"s:238:6:247:Infinity":57,"s:239:8:239:Infinity":58,"s:241:8:241:Infinity":59,"b:241:38:241:56:241:56:241:Infinity":25,"b:242:8:246:Infinity:undefined:undefined:undefined:undefined":26,"s:242:8:246:Infinity":60,"s:243:10:245:Infinity":61,"s:250:4:250:Infinity":62,"f:250:11:250:17":17,"s:250:17:250:Infinity":63,"s:254:2:281:Infinity":64,"f:254:12:254:18":18,"b:255:4:255:Infinity:undefined:undefined:undefined:undefined":27,"s:255:4:255:Infinity":65,"b:255:8:255:20:255:20:255:36:255:36:255:58":28,"s:255:58:255:Infinity":66,"s:257:24:264:Infinity":67,"f:257:24:257:25":19,"b:258:6:263:Infinity:undefined:undefined:undefined:undefined":29,"s:258:6:263:Infinity":68,"s:259:8:262:Infinity":69,"s:266:37:272:Infinity":70,"f:266:37:266:38":20,"b:267:6:271:Infinity:undefined:undefined:undefined:undefined":30,"s:267:6:271:Infinity":71,"s:268:8:270:Infinity":72,"s:274:4:274:Infinity":73,"s:275:4:275:Infinity":74,"s:277:4:280:Infinity":75,"f:277:11:277:17":21,"s:278:6:278:Infinity":76,"s:279:6:279:Infinity":77,"s:284:2:296:Infinity":78,"f:284:12:284:18":22,"b:285:4:285:Infinity:undefined:undefined:undefined:undefined":31,"s:285:4:285:Infinity":79,"b:285:8:285:20:285:20:285:39:285:39:285:61":32,"s:285:61:285:Infinity":80,"s:287:4:291:Infinity":81,"b:288:12:288:27:288:27:288:Infinity":33,"b:293:4:295:Infinity:undefined:undefined:undefined:undefined":34,"s:293:4:295:Infinity":82,"s:294:6:294:Infinity":83,"b:294:52:294:67:294:67:294:91":35,"s:298:8:310:Infinity":84,"f:299:4:299:5":23,"b:299:63:299:70":36,"b:300:6:300:Infinity:undefined:undefined:undefined:undefined":37,"s:300:6:300:Infinity":85,"b:300:10:300:22:300:22:300:44":38,"s:300:44:300:Infinity":86,"s:302:31:302:Infinity":87,"s:303:6:303:Infinity":88,"b:305:6:307:Infinity:undefined:undefined:undefined:undefined":39,"s:305:6:307:Infinity":89,"s:306:8:306:Infinity":90,"s:312:8:323:Infinity":91,"f:313:4:313:5":24,"b:314:6:314:Infinity:undefined:undefined:undefined:undefined":40,"s:314:6:314:Infinity":92,"b:314:10:314:22:314:22:314:44":41,"s:314:44:314:Infinity":93,"s:316:6:316:Infinity":94,"b:318:6:320:Infinity:undefined:undefined:undefined:undefined":42,"s:318:6:320:Infinity":95,"s:319:8:319:Infinity":96,"s:325:8:342:Infinity":97,"f:326:4:326:5":25,"b:326:47:326:54":43,"b:327:6:327:Infinity:undefined:undefined:undefined:undefined":44,"s:327:6:327:Infinity":98,"b:327:10:327:22:327:22:327:44":45,"s:327:44:327:Infinity":99,"s:329:35:333:Infinity":100,"s:335:6:335:Infinity":101,"b:337:6:339:Infinity:undefined:undefined:undefined:undefined":46,"s:337:6:339:Infinity":102,"s:338:8:338:Infinity":103,"s:344:8:355:Infinity":104,"f:345:4:345:5":26,"b:345:55:345:62":47,"b:346:6:346:Infinity:undefined:undefined:undefined:undefined":48,"s:346:6:346:Infinity":105,"b:346:10:346:22:346:22:346:54":49,"s:346:54:346:Infinity":106,"s:348:6:348:Infinity":107,"b:350:6:352:Infinity:undefined:undefined:undefined:undefined":50,"s:350:6:352:Infinity":108,"s:351:8:351:Infinity":109,"s:357:2:363:Infinity":110}}}
,"/Users/krisarmstrong/Developer/projects/web-foundation/src/utils/env.ts": {"path":"/Users/krisarmstrong/Developer/projects/web-foundation/src/utils/env.ts","statementMap":{"0":{"start":{"line":41,"column":47},"end":{"line":56,"column":null}},"1":{"start":{"line":43,"column":2},"end":{"line":45,"column":null}},"2":{"start":{"line":44,"column":4},"end":{"line":44,"column":null}},"3":{"start":{"line":49,"column":2},"end":{"line":55,"column":null}},"4":{"start":{"line":51,"column":4},"end":{"line":51,"column":null}},"5":{"start":{"line":54,"column":4},"end":{"line":54,"column":null}},"6":{"start":{"line":64,"column":2},"end":{"line":66,"column":null}},"7":{"start":{"line":65,"column":4},"end":{"line":65,"column":null}},"8":{"start":{"line":67,"column":2},"end":{"line":67,"column":null}}},"fnMap":{"0":{"name":"(anonymous_0)","decl":{"start":{"line":41,"column":47},"end":{"line":41,"column":null}},"loc":{"start":{"line":41,"column":47},"end":{"line":56,"column":3}},"line":41},"1":{"name":"getSentry","decl":{"start":{"line":63,"column":16},"end":{"line":63,"column":51}},"loc":{"start":{"line":63,"column":51},"end":{"line":68,"column":null}},"line":63}},"branchMap":{"0":{"loc":{"start":{"line":43,"column":2},"end":{"line":45,"column":null}},"type":"if","locations":[{"start":{"line":43,"column":2},"end":{"line":45,"column":null}},{"start":{},"end":{}}],"line":43},"1":{"loc":{"start":{"line":43,"column":6},"end":{"line":43,"column":81}},"type":"binary-expr","locations":[{"start":{"line":43,"column":6},"end":{"line":43,"column":40}},{"start":{"line":43,"column":40},"end":{"line":43,"column":81}}],"line":43},"2":{"loc":{"start":{"line":54,"column":11},"end":{"line":54,"column":null}},"type":"binary-expr","locations":[{"start":{"line":54,"column":11},"end":{"line":54,"column":45}},{"start":{"line":54,"column":45},"end":{"line":54,"column":null}}],"line":54},"3":{"loc":{"start":{"line":64,"column":2},"end":{"line":66,"column":null}},"type":"if","locations":[{"start":{"line":64,"column":2},"end":{"line":66,"column":null}},{"start":{},"end":{}}],"line":64},"4":{"loc":{"start":{"line":64,"column":6},"end":{"line":64,"column":54}},"type":"binary-expr","locations":[{"start":{"line":64,"column":6},"end":{"line":64,"column":39}},{"start":{"line":64,"column":39},"end":{"line":64,"column":54}}],"line":64}},"s":{"0":1,"1":1,"2":0,"3":1,"4":1,"5":0,"6":1,"7":0,"8":1},"f":{"0":1,"1":1},"b":{"0":[0,1],"1":[1,1],"2":[0,0],"3":[0,1],"4":[1,1]},"meta":{"lastBranch":5,"lastFunction":2,"lastStatement":9,"seen":{"s:41:47:56:Infinity":0,"f:41:47:41:Infinity":0,"b:43:2:45:Infinity:undefined:undefined:undefined:undefined":0,"s:43:2:45:Infinity":1,"b:43:6:43:40:43:40:43:81":1,"s:44:4:44:Infinity":2,"s:49:2:55:Infinity":3,"s:51:4:51:Infinity":4,"s:54:4:54:Infinity":5,"b:54:11:54:45:54:45:54:Infinity":2,"f:63:16:63:51":1,"b:64:2:66:Infinity:undefined:undefined:undefined:undefined":3,"s:64:2:66:Infinity":6,"b:64:6:64:39:64:39:64:54":4,"s:65:4:65:Infinity":7,"s:67:2:67:Infinity":8}}}
}
